[2025-08-26T19:25:16.059Z] Нагадування завантажено з reminders.enc: [{"id":3,"chatId":314643270,"text":"тест через 1000 хвилин","when":"2025-08-26T23:50:05.116Z","author":"@alezx311","repeat":false}]
[2025-08-26T19:25:16.080Z] Відновлено 1 нагадувань після рестарту
[2025-08-26T19:25:16.081Z] Бот запущено у тестовому середовищі!
[2025-08-26T19:36:41.064Z] Нагадування завантажено з reminders.enc: [{"id":3,"chatId":314643270,"text":"тест через 1000 хвилин","when":"2025-08-26T23:50:05.116Z","author":"@alezx311","repeat":false}]
[2025-08-26T19:36:41.085Z] Відновлено 1 нагадувань після рестарту
[2025-08-26T19:36:41.086Z] Бот запущено у тестовому середовищі!
[2025-08-26T19:37:07.016Z] Нагадування завантажено з reminders.enc: [{"id":3,"chatId":314643270,"text":"тест через 1000 хвилин","when":"2025-08-26T23:50:05.116Z","author":"@alezx311","repeat":false}]
[2025-08-26T19:37:07.037Z] Відновлено 1 нагадувань після рестарту
[2025-08-26T19:37:07.038Z] Бот запущено у тестовому середовищі!
[2025-08-26T19:37:19.632Z] /list: Знайдено 0 активних нагадувань для chatId=314643270
[2025-08-26T19:37:42.972Z] Нагадування завантажено з reminders.enc: [{"id":3,"chatId":314643270,"text":"тест через 1000 хвилин","when":"2025-08-26T23:50:05.116Z","author":"@alezx311","repeat":false}]
[2025-08-26T19:37:56.170Z] Збереження 2 нагадувань у файл
[2025-08-26T19:37:56.172Z] Після фільтрації залишилось 2 нагадувань
[2025-08-26T19:37:56.172Z] Дані для збереження: [{"id":3,"chatId":314643270,"text":"тест через 100 хвилин","when":"2025-08-26T23:50:05.116Z","author":"@alezx311","repeat":false},{"id":4,"chatId":314643270,"text":"перевіряти збір метрик кожного дня о 23:40","cron":"* 40 21 * * *","author":"@alezx311","repeat":true}]
[2025-08-26T19:37:56.173Z] Нагадування збережено у reminders.enc
[2025-08-26T19:39:16.525Z] Нагадування завантажено з reminders.enc: [{"id":3,"chatId":314643270,"text":"тест через 100 хвилин","when":"2025-08-26T23:50:05.116Z","author":"@alezx311","repeat":false},{"id":4,"chatId":314643270,"text":"перевіряти збір метрик кожного дня о 23:40","cron":"* 40 21 * * *","author":"@alezx311","repeat":true}]
[2025-08-26T19:39:16.550Z] Відновлено 2 нагадувань після рестарту
[2025-08-26T19:39:16.551Z] Бот запущено у тестовому середовищі!
[2025-08-26T19:39:25.353Z] Нагадування завантажено з reminders.enc: [{"id":3,"chatId":314643270,"text":"тест через 100 хвилин","when":"2025-08-26T23:50:05.116Z","author":"@alezx311","repeat":false},{"id":4,"chatId":314643270,"text":"перевіряти збір метрик кожного дня о 23:40","cron":"* 40 21 * * *","author":"@alezx311","repeat":true}]
[2025-08-26T19:39:25.354Z] /list: Знайдено 1 активних нагадувань для chatId=314643270
[2025-08-26T19:39:52.896Z] Нагадування завантажено з reminders.enc: [{"id":3,"chatId":314643270,"text":"тест через 100 хвилин","when":"2025-08-26T23:50:05.116Z","author":"@alezx311","repeat":false},{"id":4,"chatId":314643270,"text":"перевіряти збір метрик кожного дня о 23:40","cron":"* 40 21 * * *","author":"@alezx311","repeat":true}]
[2025-08-26T19:39:52.920Z] Відновлено 2 нагадувань після рестарту
[2025-08-26T19:39:52.921Z] Бот запущено у тестовому середовищі!
[2025-08-26T19:39:57.870Z] Нагадування завантажено з reminders.enc: [{"id":3,"chatId":314643270,"text":"тест через 100 хвилин","when":"2025-08-26T23:50:05.116Z","author":"@alezx311","repeat":false},{"id":4,"chatId":314643270,"text":"перевіряти збір метрик кожного дня о 23:40","cron":"* 40 21 * * *","author":"@alezx311","repeat":true}]
[2025-08-26T19:39:57.871Z] /list: Знайдено 1 активних нагадувань для chatId=314643270
[2025-08-26T19:40:00.010Z] Збереження 1 нагадувань у файл
[2025-08-26T19:40:00.011Z] Після фільтрації залишилось 1 нагадувань
[2025-08-26T19:40:00.011Z] Дані для збереження: [{"id":3,"chatId":314643270,"text":"тест через 100 хвилин","when":"2025-08-26T23:50:05.116Z","author":"@alezx311","repeat":false}]
[2025-08-26T19:40:00.012Z] Нагадування збережено у reminders.enc
[2025-08-26T19:40:19.988Z] Нагадування завантажено з reminders.enc: [{"id":3,"chatId":314643270,"text":"тест через 100 хвилин","when":"2025-08-26T23:50:05.116Z","author":"@alezx311","repeat":false}]
[2025-08-26T19:40:19.989Z] /list: Знайдено 0 активних нагадувань для chatId=314643270
[2025-08-26T19:40:22.125Z] Нагадування завантажено з reminders.enc: [{"id":3,"chatId":314643270,"text":"тест через 100 хвилин","when":"2025-08-26T23:50:05.116Z","author":"@alezx311","repeat":false}]
[2025-08-26T19:40:22.126Z] /list: Знайдено 0 активних нагадувань для chatId=314643270
[2025-08-26T19:41:00.015Z] Збереження 1 нагадувань у файл
[2025-08-26T19:41:00.016Z] Після фільтрації залишилось 1 нагадувань
[2025-08-26T19:41:00.017Z] Дані для збереження: [{"id":3,"chatId":314643270,"text":"тест через 100 хвилин","when":"2025-08-26T23:50:05.116Z","author":"@alezx311","repeat":false}]
[2025-08-26T19:41:00.018Z] Нагадування збережено у reminders.enc
[2025-08-26T19:42:00.003Z] Збереження 1 нагадувань у файл
[2025-08-26T19:42:00.004Z] Після фільтрації залишилось 1 нагадувань
[2025-08-26T19:42:00.005Z] Дані для збереження: [{"id":3,"chatId":314643270,"text":"тест через 100 хвилин","when":"2025-08-26T23:50:05.116Z","author":"@alezx311","repeat":false}]
[2025-08-26T19:42:00.006Z] Нагадування збережено у reminders.enc
[2025-08-26T19:42:52.260Z] Файл reminders.enc не знайдено, повертаємо порожній масив
[2025-08-26T19:42:52.261Z] Відновлено 0 нагадувань після рестарту
[2025-08-26T19:42:52.262Z] Бот запущено у тестовому середовищі!
[2025-08-26T19:43:09.247Z] Файл reminders.enc не знайдено, повертаємо порожній масив
[2025-08-26T19:43:09.248Z] Відновлено 0 нагадувань після рестарту
[2025-08-26T19:43:09.249Z] Бот запущено у тестовому середовищі!
[2025-08-26T19:43:15.893Z] Файл reminders.enc не знайдено, повертаємо порожній масив
[2025-08-26T19:43:15.893Z] /list: Знайдено 0 активних нагадувань для chatId=314643270
[2025-08-26T19:43:35.714Z] Парсинг повідомлення для нагадування: "Зроби нагадування тест через 1 хвилину" від chatId=314643270
[2025-08-26T19:43:35.786Z] isWeekly: true
[2025-08-26T19:44:33.525Z] Файл reminders.enc не знайдено, повертаємо порожній масив
[2025-08-26T19:44:33.526Z] Відновлено 0 нагадувань після рестарту
[2025-08-26T19:44:33.527Z] Бот запущено у тестовому середовищі!
[2025-08-26T19:44:38.115Z] Парсинг повідомлення для нагадування: "Зроби нагадування тест через 1 хвилину" від chatId=314643270
[2025-08-26T19:44:38.182Z] isWeekly: true
[2025-08-26T19:44:47.676Z] Файл reminders.enc не знайдено, повертаємо порожній масив
[2025-08-26T19:44:47.677Z] Відновлено 0 нагадувань після рестарту
[2025-08-26T19:44:47.678Z] Бот запущено у тестовому середовищі!
[2025-08-26T19:44:51.594Z] Парсинг повідомлення для нагадування: "Зроби нагадування тест через 1 хвилину" від chatId=314643270
[2025-08-26T19:44:51.661Z] isWeekly: true
[2025-08-26T19:48:49.708Z] Файл reminders.enc не знайдено, повертаємо порожній масив
[2025-08-26T19:48:49.709Z] Відновлено 0 нагадувань після рестарту
[2025-08-26T19:48:49.710Z] Бот запущено у тестовому середовищі!
[2025-08-26T19:51:36.439Z] Файл reminders.enc не знайдено, повертаємо порожній масив
[2025-08-26T19:51:36.440Z] Відновлено 0 нагадувань після рестарту
[2025-08-26T19:51:36.442Z] Бот запущено у тестовому середовищі!
[2025-08-26T19:51:43.716Z] Парсинг повідомлення для нагадування: "Зроби нагадування тест через 1 хвилину" від chatId=314643270
[2025-08-26T19:53:46.624Z] Файл reminders.enc не знайдено, повертаємо порожній масив
[2025-08-26T19:53:46.625Z] Відновлено 0 нагадувань після рестарту
[2025-08-26T19:53:46.626Z] Бот запущено у тестовому середовищі!
[2025-08-26T19:54:00.822Z] Парсинг повідомлення для нагадування: "Зроби нагадування перевіряти збір метрик кожного дня о 21:40" від chatId=-1002734405427
[2025-08-26T19:59:33.574Z] Збереження 3 нагадувань у файл
[2025-08-26T19:59:33.575Z] Після фільтрації залишилось 2 нагадувань
[2025-08-26T19:59:33.575Z] Дані для збереження: [{"id":4,"chatId":314643270,"text":"перевіряти збір метрик кожного дня о 22:40","cron":"* 42 22 * * *","author":"@alezx311","repeat":true},{"id":42,"chatId":-1002734405427,"text":"перевіряти збір метрик кожного дня о 9:40","cron":"* 40 9 * * *","author":"@DIngvar","repeat":true}]
[2025-08-26T19:59:33.577Z] Нагадування збережено у reminders.enc
[2025-08-26T20:02:34.340Z] Збереження 6 нагадувань у файл
[2025-08-26T20:02:34.342Z] Після фільтрації залишилось 3 нагадувань
[2025-08-26T20:02:34.342Z] Дані для збереження: [{"id":4,"chatId":314643270,"text":"перевіряти збір метрик кожного дня о 23:42","cron":"* 42 23 * * *","author":"@alezx311","repeat":true},{"id":311,"chatId":314643270,"text":"перевіряти збір метрик кожного дня о 9:40","cron":"* 40 9 * * *","author":"@alezx311","repeat":true},{"id":42,"chatId":-1002734405427,"text":"перевіряти збір метрик кожного дня о 9:40","cron":"* 40 9 * * *","author":"@DIngvar","repeat":true}]
[2025-08-26T20:02:34.343Z] Нагадування збережено у reminders.enc
[2025-08-26T20:02:50.855Z] Нагадування завантажено з reminders.enc: [{"id":4,"chatId":314643270,"text":"перевіряти збір метрик кожного дня о 23:42","cron":"* 42 23 * * *","author":"@alezx311","repeat":true},{"id":311,"chatId":314643270,"text":"перевіряти збір метрик кожного дня о 9:40","cron":"* 40 9 * * *","author":"@alezx311","repeat":true},{"id":42,"chatId":-1002734405427,"text":"перевіряти збір метрик кожного дня о 9:40","cron":"* 40 9 * * *","author":"@DIngvar","repeat":true}]
[2025-08-26T20:02:50.881Z] Бот запущено!
[2025-08-26T20:03:00.009Z] Збереження 2 нагадувань у файл
[2025-08-26T20:03:00.010Z] Після фільтрації залишилось 2 нагадувань
[2025-08-26T20:03:00.010Z] Дані для збереження: [{"id":4,"chatId":314643270,"text":"перевіряти збір метрик кожного дня о 23:42","cron":"* 42 23 * * *","author":"@alezx311","repeat":true},{"id":311,"chatId":314643270,"text":"перевіряти збір метрик кожного дня о 9:40","cron":"* 40 9 * * *","author":"@alezx311","repeat":true}]
[2025-08-26T20:03:00.011Z] Нагадування збережено у reminders.enc
[2025-08-26T20:03:00.015Z] Збереження 1 нагадувань у файл
[2025-08-26T20:03:00.016Z] Після фільтрації залишилось 1 нагадувань
[2025-08-26T20:03:00.016Z] Дані для збереження: [{"id":4,"chatId":314643270,"text":"перевіряти збір метрик кожного дня о 23:42","cron":"* 42 23 * * *","author":"@alezx311","repeat":true}]
[2025-08-26T20:03:00.017Z] Нагадування збережено у reminders.enc
[2025-08-26T20:03:00.020Z] Збереження 0 нагадувань у файл
[2025-08-26T20:03:00.021Z] Після фільтрації залишилось 0 нагадувань
[2025-08-26T20:03:00.021Z] Дані для збереження: []
[2025-08-26T20:03:00.022Z] Нагадування збережено у reminders.enc
[2025-08-27T05:53:17.603Z] Ключ шифрування валідний
[2025-08-27T05:53:17.606Z] Завантаження нагадувань з C:\Users\Alezx311\Downloads\reminder-bot\reminders.enc
[2025-08-27T05:53:17.608Z] Розшифровано 2 символів
[2025-08-27T05:53:17.608Z] Завантажено 0 з 0 нагадувань
[2025-08-27T05:53:45.677Z] Отримано SIGINT. Зупинка бота...
[2025-08-27T05:53:45.785Z] Бот запущено успішно!
[2025-08-27T05:53:49.382Z] Ключ шифрування валідний
[2025-08-27T05:53:49.384Z] Початок збереження 6 нагадувань
[2025-08-27T05:53:49.385Z] Після фільтрації залишилось 5 нагадувань
[2025-08-27T05:53:49.385Z] Дані для збереження (929 символів)
[2025-08-27T05:53:49.387Z] Створено резервну копію: C:\Users\Alezx311\Downloads\reminder-bot\reminders.enc.backup
[2025-08-27T05:53:49.388Z] Нагадування успішно збережено у C:\Users\Alezx311\Downloads\reminder-bot\reminders.enc (1088 байт)
[2025-08-27T05:53:57.009Z] Ключ шифрування валідний
[2025-08-27T05:53:57.011Z] Завантаження нагадувань з C:\Users\Alezx311\Downloads\reminder-bot\reminders.enc
[2025-08-27T05:53:57.012Z] Розшифровано 929 символів
[2025-08-27T05:53:57.013Z] Завантажено 5 з 5 нагадувань
[2025-08-27T05:53:57.111Z] Відновлено одноразове нагадування #1 на 29.08.2027, 02:50:05
[2025-08-27T05:53:57.111Z] Відновлено одноразове нагадування #2 на 27.08.2025, 10:50:05
[2025-08-27T05:53:57.117Z] Відновлено повторюване нагадування #4 з cron: * 42 23 * * *
[2025-08-27T05:53:57.120Z] Відновлено повторюване нагадування #311 з cron: * 40 9 * * *
[2025-08-27T05:53:57.122Z] Відновлено повторюване нагадування #42 з cron: * 40 9 * * *
[2025-08-27T05:54:23.723Z] Початок збереження 4 нагадувань
[2025-08-27T05:54:23.724Z] Після фільтрації залишилось 4 нагадувань
[2025-08-27T05:54:23.724Z] Дані для збереження (749 символів)
[2025-08-27T05:54:23.726Z] Створено резервну копію: C:\Users\Alezx311\Downloads\reminder-bot\reminders.enc.backup
[2025-08-27T05:54:23.727Z] Нагадування успішно збережено у C:\Users\Alezx311\Downloads\reminder-bot\reminders.enc (864 байт)
[2025-08-27T05:54:23.728Z] Callback: Видалено нагадування #4
[2025-08-27T05:54:57.509Z] Отримано SIGINT. Зупинка бота...
[2025-08-27T05:54:57.546Z] Бот запущено успішно!
[2025-08-27T05:55:05.711Z] Ключ шифрування валідний
[2025-08-27T05:55:05.712Z] Завантаження нагадувань з C:\Users\Alezx311\Downloads\reminder-bot\reminders.enc
[2025-08-27T05:55:05.713Z] Розшифровано 749 символів
[2025-08-27T05:55:05.714Z] Завантажено 4 з 4 нагадувань
[2025-08-27T05:55:33.695Z] Ключ шифрування валідний
[2025-08-27T05:55:33.697Z] Завантаження нагадувань з C:\Users\Alezx311\Downloads\reminder-bot\reminders.enc
[2025-08-27T05:55:33.698Z] Розшифровано 749 символів
[2025-08-27T05:55:33.698Z] Завантажено 4 з 4 нагадувань
[2025-08-27T05:55:33.719Z] Відновлено одноразове нагадування #1 на 29.08.2027, 02:50:05
[2025-08-27T05:55:33.720Z] Відновлено одноразове нагадування #2 на 27.08.2025, 10:50:05
[2025-08-27T05:55:33.726Z] Відновлено повторюване нагадування #311 з cron: * 40 9 * * *
[2025-08-27T05:55:33.728Z] Відновлено повторюване нагадування #42 з cron: * 40 9 * * *
[2025-08-27T05:58:44.790Z] Отримано SIGINT. Зупинка бота...
[2025-08-27T05:58:44.896Z] Бот запущено успішно!
[2025-08-27T05:58:47.766Z] Ключ шифрування валідний
[2025-08-27T05:58:47.769Z] Завантаження нагадувань з C:\Users\Alezx311\Downloads\reminder-bot\reminders.enc
[2025-08-27T05:58:47.769Z] Розшифровано 749 символів
[2025-08-27T05:58:47.770Z] Завантажено 4 з 4 нагадувань
[2025-08-27T05:58:47.790Z] Відновлено одноразове нагадування #1 на 29.08.2027, 02:50:05
[2025-08-27T05:58:47.791Z] Відновлено одноразове нагадування #2 на 27.08.2025, 10:50:05
[2025-08-27T05:58:47.797Z] Відновлено повторюване нагадування #311 з cron: * 40 9 * * *
[2025-08-27T05:58:47.799Z] Відновлено повторюване нагадування #42 з cron: * 40 9 * * *
[2025-08-27T05:59:07.594Z] Початок збереження 5 нагадувань
[2025-08-27T05:59:07.595Z] Після фільтрації залишилось 5 нагадувань
[2025-08-27T05:59:07.595Z] Дані для збереження (922 символів)
[2025-08-27T05:59:07.597Z] Створено резервну копію: C:\Users\Alezx311\Downloads\reminder-bot\reminders.enc.backup
[2025-08-27T05:59:07.598Z] Нагадування успішно збережено у C:\Users\Alezx311\Downloads\reminder-bot\reminders.enc (1056 байт)
[2025-08-27T05:59:07.599Z] Створено одноразове нагадування #312 на 2025-08-27T07:39:07.512Z
[2025-08-27T05:59:18.693Z] Початок збереження 6 нагадувань
[2025-08-27T05:59:18.694Z] Після фільтрації залишилось 6 нагадувань
[2025-08-27T05:59:18.694Z] Дані для збереження (1096 символів)
[2025-08-27T05:59:18.696Z] Створено резервну копію: C:\Users\Alezx311\Downloads\reminder-bot\reminders.enc.backup
[2025-08-27T05:59:18.697Z] Нагадування успішно збережено у C:\Users\Alezx311\Downloads\reminder-bot\reminders.enc (1248 байт)
[2025-08-27T05:59:18.697Z] Створено одноразове нагадування #313 на 2025-08-27T22:39:18.667Z
[2025-08-27T06:00:08.206Z] Створено cron для повторюваного нагадування: 34 12 * * *
[2025-08-27T06:00:08.209Z] Початок збереження 7 нагадувань
[2025-08-27T06:00:08.210Z] Після фільтрації залишилось 7 нагадувань
[2025-08-27T06:00:08.210Z] Дані для збереження (1302 символів)
[2025-08-27T06:00:08.212Z] Створено резервну копію: C:\Users\Alezx311\Downloads\reminder-bot\reminders.enc.backup
[2025-08-27T06:00:08.212Z] Нагадування успішно збережено у C:\Users\Alezx311\Downloads\reminder-bot\reminders.enc (1504 байт)
[2025-08-27T06:00:08.213Z] Створено повторюване нагадування #314 з cron: 34 12 * * *
[2025-08-27T06:00:39.109Z] Початок збереження 6 нагадувань
[2025-08-27T06:00:39.109Z] Після фільтрації залишилось 6 нагадувань
[2025-08-27T06:00:39.110Z] Дані для збереження (1110 символів)
[2025-08-27T06:00:39.111Z] Створено резервну копію: C:\Users\Alezx311\Downloads\reminder-bot\reminders.enc.backup
[2025-08-27T06:00:39.113Z] Нагадування успішно збережено у C:\Users\Alezx311\Downloads\reminder-bot\reminders.enc (1296 байт)
[2025-08-27T06:00:39.114Z] Callback: Видалено нагадування #1
[2025-08-27T06:00:56.849Z] Початок збереження 7 нагадувань
[2025-08-27T06:00:56.849Z] Після фільтрації залишилось 7 нагадувань
[2025-08-27T06:00:56.849Z] Дані для збереження (1314 символів)
[2025-08-27T06:00:56.851Z] Створено резервну копію: C:\Users\Alezx311\Downloads\reminder-bot\reminders.enc.backup
[2025-08-27T06:00:56.852Z] Нагадування успішно збережено у C:\Users\Alezx311\Downloads\reminder-bot\reminders.enc (1520 байт)
[2025-08-27T06:00:56.852Z] Створено одноразове нагадування #315 на 2027-08-28T20:50:00.000Z
[2025-08-27T06:01:22.341Z] Отримано SIGINT. Зупинка бота...
[2025-08-27T06:01:22.379Z] Бот запущено успішно!
[2025-08-27T06:03:41.854Z] Ключ шифрування валідний
[2025-08-27T06:03:41.856Z] Завантаження нагадувань з C:\Users\Alezx311\Downloads\reminder-bot\reminders.enc
[2025-08-27T06:03:41.857Z] Розшифровано 1314 символів
[2025-08-27T06:03:41.857Z] Завантажено 7 з 7 нагадувань
[2025-08-27T06:04:38.726Z] Ключ шифрування валідний
[2025-08-27T06:04:38.729Z] Завантаження нагадувань з C:\Users\Alezx311\Downloads\reminder-bot\reminders.enc
[2025-08-27T06:04:38.729Z] Розшифровано 1314 символів
[2025-08-27T06:04:38.730Z] Завантажено 7 з 7 нагадувань
[2025-08-27T06:04:38.750Z] Відновлено одноразове нагадування #2 на 27.08.2025, 10:50:05
[2025-08-27T06:04:38.756Z] Відновлено повторюване нагадування #311 з cron: * 40 9 * * *
[2025-08-27T06:04:38.758Z] Відновлено повторюване нагадування #42 з cron: * 40 9 * * *
[2025-08-27T06:04:38.758Z] Відновлено одноразове нагадування #312 на 27.08.2025, 10:39:07
[2025-08-27T06:04:38.759Z] Відновлено одноразове нагадування #313 на 28.08.2025, 01:39:18
[2025-08-27T06:04:38.761Z] Відновлено повторюване нагадування #314 з cron: 34 12 * * *
[2025-08-27T06:04:38.761Z] Відновлено одноразове нагадування #315 на 28.08.2027, 23:50:00
[2025-08-27T06:12:49.613Z] Отримано SIGINT. Зупинка бота...
[2025-08-27T06:12:49.658Z] Бот запущено успішно!
[2025-08-27T06:12:55.648Z] Ключ шифрування валідний
[2025-08-27T06:12:55.650Z] Початок збереження 9 нагадувань
[2025-08-27T06:12:55.650Z] Після фільтрації залишилось 9 нагадувань
[2025-08-27T06:12:55.651Z] Дані для збереження (1689 символів)
[2025-08-27T06:12:55.653Z] Створено резервну копію: C:\Users\Alezx311\Downloads\reminder-bot\reminders.enc.backup
[2025-08-27T06:12:55.653Z] Нагадування успішно збережено у C:\Users\Alezx311\Downloads\reminder-bot\reminders.enc (1952 байт)
[2025-08-27T06:13:26.484Z] Ключ шифрування валідний
[2025-08-27T06:13:26.486Z] Завантаження нагадувань з C:\Users\Alezx311\Downloads\reminder-bot\reminders.enc
[2025-08-27T06:13:26.487Z] Розшифровано 1689 символів
[2025-08-27T06:13:26.488Z] Завантажено 9 з 9 нагадувань
[2025-08-27T06:13:26.508Z] Відновлено одноразове нагадування #2 на 27.08.2025, 10:50:05
[2025-08-27T06:13:26.513Z] Відновлено повторюване нагадування #311 з cron: * 40 9 * * *
[2025-08-27T06:13:26.515Z] Відновлено повторюване нагадування #42 з cron: * 40 9 * * *
[2025-08-27T06:13:26.516Z] Відновлено одноразове нагадування #43 на 27.08.2025, 12:00:07
[2025-08-27T06:13:26.516Z] Відновлено одноразове нагадування #43 на 04.09.2025, 15:00:00
[2025-08-27T06:13:26.517Z] Відновлено одноразове нагадування #312 на 27.08.2025, 10:39:07
[2025-08-27T06:13:26.517Z] Відновлено одноразове нагадування #313 на 28.08.2025, 01:39:18
[2025-08-27T06:13:26.519Z] Відновлено повторюване нагадування #314 з cron: 34 12 * * *
[2025-08-27T06:13:26.519Z] Відновлено одноразове нагадування #315 на 28.08.2027, 23:50:00
[2025-08-27T06:13:51.620Z] Отримано SIGINT. Зупинка бота...
[2025-08-27T06:13:51.727Z] Бот запущено успішно!
[2025-08-27T06:14:00.328Z] Ключ шифрування валідний
[2025-08-27T06:14:00.330Z] Початок збереження 9 нагадувань
[2025-08-27T06:14:00.330Z] Після фільтрації залишилось 9 нагадувань
[2025-08-27T06:14:00.331Z] Дані для збереження (1689 символів)
[2025-08-27T06:14:00.333Z] Створено резервну копію: C:\Users\Alezx311\Downloads\reminder-bot\reminders.enc.backup
[2025-08-27T06:14:00.333Z] Нагадування успішно збережено у C:\Users\Alezx311\Downloads\reminder-bot\reminders.enc (1952 байт)
[2025-08-27T06:14:11.805Z] Ключ шифрування валідний
[2025-08-27T06:14:11.807Z] Завантаження нагадувань з C:\Users\Alezx311\Downloads\reminder-bot\reminders.enc
[2025-08-27T06:14:11.808Z] Розшифровано 1689 символів
[2025-08-27T06:14:11.808Z] Завантажено 9 з 9 нагадувань
[2025-08-27T06:14:11.828Z] Відновлено одноразове нагадування #2 на 27.08.2025, 10:50:05
[2025-08-27T06:14:11.834Z] Відновлено повторюване нагадування #311 з cron: * 40 9 * * *
[2025-08-27T06:14:11.835Z] Відновлено повторюване нагадування #42 з cron: * 40 9 * * *
[2025-08-27T06:14:11.836Z] Відновлено одноразове нагадування #43 на 27.08.2025, 12:00:07
[2025-08-27T06:14:11.837Z] Відновлено одноразове нагадування #44 на 04.09.2025, 15:00:00
[2025-08-27T06:14:11.837Z] Відновлено одноразове нагадування #312 на 27.08.2025, 10:39:07
[2025-08-27T06:14:11.837Z] Відновлено одноразове нагадування #313 на 28.08.2025, 01:39:18
[2025-08-27T06:14:11.839Z] Відновлено повторюване нагадування #314 з cron: 34 12 * * *
[2025-08-27T06:14:11.840Z] Відновлено одноразове нагадування #315 на 28.08.2027, 23:50:00
[2025-08-27T06:15:21.710Z] Початок збереження 8 нагадувань
[2025-08-27T06:15:21.711Z] Після фільтрації залишилось 8 нагадувань
[2025-08-27T06:15:21.712Z] Дані для збереження (1512 символів)
[2025-08-27T06:15:21.713Z] Створено резервну копію: C:\Users\Alezx311\Downloads\reminder-bot\reminders.enc.backup
[2025-08-27T06:15:21.714Z] Нагадування успішно збережено у C:\Users\Alezx311\Downloads\reminder-bot\reminders.enc (1744 байт)
[2025-08-27T06:15:21.715Z] Callback: Видалено нагадування #43
[2025-08-27T06:24:34.658Z] Створено cron для повторюваного нагадування: 26 9 * * *
[2025-08-27T06:24:34.660Z] Початок збереження 9 нагадувань
[2025-08-27T06:24:34.660Z] Після фільтрації залишилось 9 нагадувань
[2025-08-27T06:24:34.660Z] Дані для збереження (1698 символів)
[2025-08-27T06:24:34.662Z] Створено резервну копію: C:\Users\Alezx311\Downloads\reminder-bot\reminders.enc.backup
[2025-08-27T06:24:34.662Z] Нагадування успішно збережено у C:\Users\Alezx311\Downloads\reminder-bot\reminders.enc (1968 байт)
[2025-08-27T06:24:34.663Z] Створено повторюване нагадування #316 з cron: 26 9 * * *
[2025-08-27T06:40:10.706Z] Помилка надсилання повторюваного нагадування #42: 429: Too Many Requests: retry after 5
[2025-08-27T06:40:10.710Z] Помилка надсилання повторюваного нагадування #42: 429: Too Many Requests: retry after 5
[2025-08-27T06:40:10.718Z] Помилка надсилання повторюваного нагадування #42: 429: Too Many Requests: retry after 5
[2025-08-27T06:40:10.721Z] Помилка надсилання повторюваного нагадування #42: 429: Too Many Requests: retry after 5
[2025-08-27T06:40:10.722Z] Помилка надсилання повторюваного нагадування #42: 429: Too Many Requests: retry after 5
[2025-08-27T06:40:10.731Z] Помилка надсилання повторюваного нагадування #42: 429: Too Many Requests: retry after 5
[2025-08-27T06:40:10.742Z] Помилка надсилання повторюваного нагадування #42: 429: Too Many Requests: retry after 5
[2025-08-27T06:40:18.323Z] Помилка надсилання повторюваного нагадування #42: 429: Too Many Requests: retry after 42
[2025-08-27T06:40:18.330Z] Помилка надсилання повторюваного нагадування #42: 429: Too Many Requests: retry after 42
[2025-08-27T06:40:18.331Z] Помилка надсилання повторюваного нагадування #42: 429: Too Many Requests: retry after 42
[2025-08-27T06:40:18.339Z] Помилка надсилання повторюваного нагадування #42: 429: Too Many Requests: retry after 42
[2025-08-27T06:40:18.339Z] Помилка надсилання повторюваного нагадування #42: 429: Too Many Requests: retry after 42
[2025-08-27T06:40:18.344Z] Помилка надсилання повторюваного нагадування #42: 429: Too Many Requests: retry after 42
[2025-08-27T06:40:18.351Z] Помилка надсилання повторюваного нагадування #42: 429: Too Many Requests: retry after 42
[2025-08-27T06:40:18.353Z] Помилка надсилання повторюваного нагадування #42: 429: Too Many Requests: retry after 42
[2025-08-27T06:40:18.363Z] Помилка надсилання повторюваного нагадування #42: 429: Too Many Requests: retry after 42
[2025-08-27T06:40:18.374Z] Помилка надсилання повторюваного нагадування #42: 429: Too Many Requests: retry after 42
[2025-08-27T06:40:18.627Z] Отримано SIGINT. Зупинка бота...
[2025-08-27T06:40:19.055Z] Помилка надсилання повторюваного нагадування #42: 429: Too Many Requests: retry after 41
[2025-08-27T06:40:20.057Z] Помилка надсилання повторюваного нагадування #42: 429: Too Many Requests: retry after 40
[2025-08-27T06:40:21.060Z] Помилка надсилання повторюваного нагадування #42: 429: Too Many Requests: retry after 39
[2025-08-27T06:40:21.664Z] Бот запущено успішно!
[2025-08-27T06:40:22.050Z] Помилка надсилання повторюваного нагадування #42: 429: Too Many Requests: retry after 38
[2025-08-27T06:40:23.045Z] Помилка надсилання повторюваного нагадування #42: 429: Too Many Requests: retry after 37
[2025-08-27T06:40:24.059Z] Помилка надсилання повторюваного нагадування #42: 429: Too Many Requests: retry after 36
[2025-08-27T06:40:25.047Z] Помилка надсилання повторюваного нагадування #42: 429: Too Many Requests: retry after 35
[2025-08-27T06:40:26.057Z] Помилка надсилання повторюваного нагадування #42: 429: Too Many Requests: retry after 34
[2025-08-27T06:40:27.064Z] Помилка надсилання повторюваного нагадування #42: 429: Too Many Requests: retry after 33
[2025-08-27T06:40:28.072Z] Помилка надсилання повторюваного нагадування #42: 429: Too Many Requests: retry after 32
[2025-08-27T06:40:29.085Z] Помилка надсилання повторюваного нагадування #42: 429: Too Many Requests: retry after 31
[2025-08-27T06:40:30.052Z] Помилка надсилання повторюваного нагадування #42: 429: Too Many Requests: retry after 30
[2025-08-27T06:40:31.069Z] Помилка надсилання повторюваного нагадування #42: 429: Too Many Requests: retry after 29
[2025-08-27T06:40:32.122Z] Помилка надсилання повторюваного нагадування #42: 429: Too Many Requests: retry after 28
[2025-08-27T06:40:33.123Z] Помилка надсилання повторюваного нагадування #42: 429: Too Many Requests: retry after 27
[2025-08-27T06:40:34.053Z] Помилка надсилання повторюваного нагадування #42: 429: Too Many Requests: retry after 26
[2025-08-27T06:40:35.064Z] Помилка надсилання повторюваного нагадування #42: 429: Too Many Requests: retry after 25
[2025-08-27T06:40:36.073Z] Помилка надсилання повторюваного нагадування #42: 429: Too Many Requests: retry after 24
[2025-08-27T06:40:37.084Z] Помилка надсилання повторюваного нагадування #42: 429: Too Many Requests: retry after 23
[2025-08-27T06:40:38.103Z] Помилка надсилання повторюваного нагадування #42: 429: Too Many Requests: retry after 22
[2025-08-27T06:40:40.047Z] Помилка надсилання повторюваного нагадування #42: 429: Too Many Requests: retry after 20
[2025-08-27T06:40:41.065Z] Помилка надсилання повторюваного нагадування #42: 429: Too Many Requests: retry after 19
[2025-08-27T06:40:42.155Z] Помилка надсилання повторюваного нагадування #42: 429: Too Many Requests: retry after 18
[2025-08-27T06:40:43.065Z] Помилка надсилання повторюваного нагадування #42: 429: Too Many Requests: retry after 17
[2025-08-27T06:40:43.699Z] Ключ шифрування валідний
[2025-08-27T06:40:43.701Z] Завантаження нагадувань з C:\Users\Alezx311\Downloads\reminder-bot\reminders.enc
[2025-08-27T06:40:43.702Z] Розшифровано 1698 символів
[2025-08-27T06:40:43.702Z] Завантажено 9 з 9 нагадувань
[2025-08-27T06:40:43.721Z] Відновлено одноразове нагадування #2 на 27.08.2025, 10:50:05
[2025-08-27T06:40:43.725Z] Відновлено повторюване нагадування #311 з cron: * 40 9 * * *
[2025-08-27T06:40:43.727Z] Відновлено повторюване нагадування #42 з cron: * 40 9 * * *
[2025-08-27T06:40:43.727Z] Відновлено одноразове нагадування #44 на 04.09.2025, 15:00:00
[2025-08-27T06:40:43.728Z] Відновлено одноразове нагадування #312 на 27.08.2025, 10:39:07
[2025-08-27T06:40:43.728Z] Відновлено одноразове нагадування #313 на 28.08.2025, 01:39:18
[2025-08-27T06:40:43.731Z] Відновлено повторюване нагадування #314 з cron: 34 12 * * *
[2025-08-27T06:40:43.731Z] Відновлено одноразове нагадування #315 на 28.08.2027, 23:50:00
[2025-08-27T06:40:43.734Z] Відновлено повторюване нагадування #316 з cron: 26 9 * * *
[2025-08-27T06:40:44.054Z] Помилка надсилання повторюваного нагадування #42: 429: Too Many Requests: retry after 16
[2025-08-27T06:40:44.120Z] Помилка надсилання повторюваного нагадування #42: 429: Too Many Requests: retry after 16
[2025-08-27T06:40:44.251Z] Отримано SIGINT. Зупинка бота...
[2025-08-27T06:41:57.460Z] Ключ шифрування валідний
[2025-08-27T06:41:57.462Z] Початок збереження 9 нагадувань
[2025-08-27T06:41:57.462Z] Після фільтрації залишилось 9 нагадувань
[2025-08-27T06:41:57.463Z] Дані для збереження (1685 символів)
[2025-08-27T06:41:57.465Z] Створено резервну копію: C:\Users\Alezx311\Downloads\reminder-bot\reminders.enc.backup
[2025-08-27T06:41:57.465Z] Нагадування успішно збережено у C:\Users\Alezx311\Downloads\reminder-bot\reminders.enc (1936 байт)
[2025-08-27T06:41:59.691Z] Ключ шифрування валідний
[2025-08-27T06:41:59.693Z] Завантаження нагадувань з C:\Users\Alezx311\Downloads\reminder-bot\reminders.enc
[2025-08-27T06:41:59.694Z] Розшифровано 1685 символів
[2025-08-27T06:41:59.695Z] Завантажено 9 з 9 нагадувань
[2025-08-27T06:41:59.715Z] Відновлено одноразове нагадування #2 на 27.08.2025, 10:50:05
[2025-08-27T06:41:59.722Z] Відновлено повторюване нагадування #311 з cron: 40 9 * * *
[2025-08-27T06:41:59.724Z] Відновлено повторюване нагадування #42 з cron: 45 9 * * *
[2025-08-27T06:41:59.724Z] Відновлено одноразове нагадування #43 на 27.08.2025, 12:00:07
[2025-08-27T06:41:59.725Z] Відновлено одноразове нагадування #44 на 04.09.2025, 15:00:00
[2025-08-27T06:41:59.726Z] Відновлено одноразове нагадування #312 на 27.08.2025, 10:39:07
[2025-08-27T06:41:59.726Z] Відновлено одноразове нагадування #313 на 28.08.2025, 01:39:18
[2025-08-27T06:41:59.728Z] Відновлено повторюване нагадування #314 з cron: 34 12 * * *
[2025-08-27T06:41:59.728Z] Відновлено одноразове нагадування #315 на 28.08.2027, 23:50:00
[2025-08-27T06:42:38.180Z] Початок збереження 8 нагадувань
[2025-08-27T06:42:38.181Z] Після фільтрації залишилось 8 нагадувань
[2025-08-27T06:42:38.181Z] Дані для збереження (1508 символів)
[2025-08-27T06:42:38.183Z] Створено резервну копію: C:\Users\Alezx311\Downloads\reminder-bot\reminders.enc.backup
[2025-08-27T06:42:38.184Z] Нагадування успішно збережено у C:\Users\Alezx311\Downloads\reminder-bot\reminders.enc (1744 байт)
[2025-08-27T06:42:38.184Z] Callback: Видалено нагадування #43
[2025-08-27T06:53:57.931Z] Отримано SIGINT. Зупинка бота...
[2025-08-27T06:53:57.969Z] Бот запущено успішно!
[2025-08-27T06:54:01.405Z] Ключ шифрування валідний
[2025-08-27T06:54:01.407Z] Завантаження нагадувань з C:\Users\Alezx311\Downloads\reminder-bot\reminders.enc
[2025-08-27T06:54:01.408Z] Розшифровано 1508 символів
[2025-08-27T06:54:01.409Z] Завантажено 8 з 8 нагадувань
[2025-08-27T06:54:01.428Z] Відновлено одноразове нагадування #2 на 27.08.2025, 10:50:05
[2025-08-27T06:54:01.435Z] Відновлено повторюване нагадування #311 з cron: 40 9 * * *
[2025-08-27T06:54:01.438Z] Відновлено повторюване нагадування #42 з cron: 45 9 * * *
[2025-08-27T06:54:01.439Z] Відновлено одноразове нагадування #44 на 04.09.2025, 15:00:00
[2025-08-27T06:54:01.440Z] Відновлено одноразове нагадування #312 на 27.08.2025, 10:39:07
[2025-08-27T06:54:01.440Z] Відновлено одноразове нагадування #313 на 28.08.2025, 01:39:18
[2025-08-27T06:54:01.442Z] Відновлено повторюване нагадування #314 з cron: 34 12 * * *
[2025-08-27T06:54:01.442Z] Відновлено одноразове нагадування #315 на 28.08.2027, 23:50:00
[2025-08-27T07:39:07.518Z] Початок збереження 7 нагадувань
[2025-08-27T07:39:07.520Z] Після фільтрації залишилось 7 нагадувань
[2025-08-27T07:39:07.520Z] Дані для збереження (1335 символів)
[2025-08-27T07:39:07.523Z] Створено резервну копію: C:\Users\Alezx311\Downloads\reminder-bot\reminders.enc.backup
[2025-08-27T07:39:07.524Z] Нагадування успішно збережено у C:\Users\Alezx311\Downloads\reminder-bot\reminders.enc (1552 байт)
[2025-08-27T07:50:05.130Z] Початок збереження 6 нагадувань
[2025-08-27T07:50:05.134Z] Після фільтрації залишилось 6 нагадувань
[2025-08-27T07:50:05.135Z] Дані для збереження (1143 символів)
[2025-08-27T07:50:05.137Z] Створено резервну копію: C:\Users\Alezx311\Downloads\reminder-bot\reminders.enc.backup
[2025-08-27T07:50:05.138Z] Нагадування успішно збережено у C:\Users\Alezx311\Downloads\reminder-bot\reminders.enc (1344 байт)
[2025-08-27T09:13:25.002Z] Початок збереження 7 нагадувань
[2025-08-27T09:13:25.003Z] Після фільтрації залишилось 7 нагадувань
[2025-08-27T09:13:25.004Z] Дані для збереження (1344 символів)
[2025-08-27T09:13:25.006Z] Створено резервну копію: C:\Users\Alezx311\Downloads\reminder-bot\reminders.enc.backup
[2025-08-27T09:13:25.006Z] Нагадування успішно збережено у C:\Users\Alezx311\Downloads\reminder-bot\reminders.enc (1568 байт)
[2025-08-27T09:13:25.008Z] Створено одноразове нагадування #316 на 2025-09-01T08:00:00.000Z
[2025-08-28T06:05:10.885Z] Ключ шифрування валідний
[2025-08-28T06:05:10.887Z] Завантаження нагадувань з C:\Users\Alezx311\Downloads\reminder-bot\reminders.enc
[2025-08-28T06:05:10.889Z] Розшифровано 1344 символів
[2025-08-28T06:05:10.889Z] Завантажено 7 з 7 нагадувань
[2025-08-28T06:05:20.963Z] Ключ шифрування валідний
[2025-08-28T06:05:20.965Z] Завантаження нагадувань з C:\Users\Alezx311\Downloads\reminder-bot\reminders.enc
[2025-08-28T06:05:20.966Z] Розшифровано 1344 символів
[2025-08-28T06:05:20.966Z] Завантажено 7 з 7 нагадувань
[2025-08-28T06:05:21.060Z] Відновлено повторюване нагадування #311 з cron: 40 9 * * *
[2025-08-28T06:05:21.062Z] Відновлено повторюване нагадування #42 з cron: 45 9 * * *
[2025-08-28T06:05:21.063Z] Відновлено одноразове нагадування #44 на 04.09.2025, 15:00:00
[2025-08-28T06:05:21.063Z] Нагадування #313 вже прострочене, пропускаємо
[2025-08-28T06:05:21.065Z] Відновлено повторюване нагадування #314 з cron: 34 12 * * *
[2025-08-28T06:05:21.065Z] Відновлено одноразове нагадування #315 на 28.08.2027, 23:50:00
[2025-08-28T06:05:21.066Z] Відновлено одноразове нагадування #316 на 01.09.2025, 11:00:00
[2025-08-28T06:05:21.067Z] Початок збереження 6 нагадувань
[2025-08-28T06:05:21.067Z] Після фільтрації залишилось 6 нагадувань
[2025-08-28T06:05:21.068Z] Дані для збереження (1170 символів)
[2025-08-28T06:05:21.070Z] Створено резервну копію: C:\Users\Alezx311\Downloads\reminder-bot\reminders.enc.backup
[2025-08-28T06:05:21.070Z] Нагадування успішно збережено у C:\Users\Alezx311\Downloads\reminder-bot\reminders.enc (1376 байт)
[2025-08-28T06:05:21.071Z] Очищено 0 прострочених нагадувань
[2025-08-28T06:53:56.981Z] Отримано SIGINT. Зупинка бота...
[2025-08-28T06:53:57.018Z] Бот запущено успішно!
[2025-08-28T06:54:05.561Z] Ключ шифрування валідний
[2025-08-28T06:54:05.563Z] Завантаження нагадувань з C:\Users\Alezx311\Downloads\reminder-bot\reminders.enc
[2025-08-28T06:54:05.564Z] Розшифровано 1170 символів
[2025-08-28T06:54:05.564Z] Завантажено 6 з 6 нагадувань
[2025-08-28T06:54:05.591Z] Відновлено повторюване нагадування #311 з cron: 40 9 * * *
[2025-08-28T06:54:05.595Z] Відновлено повторюване нагадування #42 з cron: 45 9 * * *
[2025-08-28T06:54:05.595Z] Відновлено одноразове нагадування #44 на 04.09.2025, 15:00:00
[2025-08-28T06:54:05.597Z] Відновлено повторюване нагадування #314 з cron: 34 12 * * *
[2025-08-28T06:54:05.598Z] Відновлено одноразове нагадування #315 на 28.08.2027, 23:50:00
[2025-08-28T06:54:05.599Z] Відновлено одноразове нагадування #316 на 01.09.2025, 11:00:00
[2025-08-28T12:15:02.603Z] Отримано SIGINT. Зупинка бота...
[2025-08-28T12:15:02.714Z] Бот запущено успішно!
[2025-08-28T12:15:06.172Z] Ключ шифрування валідний
[2025-08-28T12:15:06.174Z] Завантаження нагадувань з C:\Users\Alezx311\Downloads\reminder-bot\reminders.enc
[2025-08-28T12:15:06.175Z] Розшифровано 1170 символів
[2025-08-28T12:15:06.176Z] Завантажено 6 з 6 нагадувань
[2025-08-28T12:15:06.201Z] Відновлено повторюване нагадування #311 з cron: 40 9 * * *
[2025-08-28T12:15:06.205Z] Відновлено повторюване нагадування #42 з cron: 45 9 * * *
[2025-08-28T12:15:06.206Z] Відновлено одноразове нагадування #44 на 04.09.2025, 15:00:00
[2025-08-28T12:15:06.208Z] Відновлено повторюване нагадування #314 з cron: 34 12 * * *
[2025-08-28T12:15:06.209Z] Відновлено одноразове нагадування #315 на 28.08.2027, 23:50:00
[2025-08-28T12:15:06.209Z] Відновлено одноразове нагадування #316 на 01.09.2025, 11:00:00
[2025-08-28T12:16:10.418Z] Отримано SIGINT. Зупинка бота...
[2025-08-28T12:16:10.529Z] Бот запущено успішно!
[2025-08-28T12:16:12.308Z] Ключ шифрування валідний
[2025-08-28T12:16:12.310Z] Завантаження нагадувань з C:\Users\Alezx311\Downloads\reminder-bot\reminders.enc
[2025-08-28T12:16:12.311Z] Розшифровано 1170 символів
[2025-08-28T12:16:12.311Z] Завантажено 6 з 6 нагадувань
[2025-08-28T12:16:12.336Z] Відновлено повторюване нагадування #311 з cron: 40 9 * * *
[2025-08-28T12:16:12.339Z] Відновлено повторюване нагадування #42 з cron: 45 9 * * *
[2025-08-28T12:16:12.340Z] Відновлено одноразове нагадування #44 на 04.09.2025, 15:00:00
[2025-08-28T12:16:12.343Z] Відновлено повторюване нагадування #314 з cron: 34 12 * * *
[2025-08-28T12:16:12.343Z] Відновлено одноразове нагадування #315 на 28.08.2027, 23:50:00
[2025-08-28T12:16:12.344Z] Відновлено одноразове нагадування #316 на 01.09.2025, 11:00:00
[2025-08-28T12:16:12.584Z] Створено cron для щомісячного нагадування: 0 12 25 * *
[2025-08-28T12:16:12.586Z] Початок збереження 7 нагадувань
[2025-08-28T12:16:12.587Z] Після фільтрації залишилось 7 нагадувань
[2025-08-28T12:16:12.587Z] Дані для збереження (1380 символів)
[2025-08-28T12:16:12.589Z] Створено резервну копію: C:\Users\Alezx311\Downloads\reminder-bot\reminders.enc.backup
[2025-08-28T12:16:12.590Z] Нагадування успішно збережено у C:\Users\Alezx311\Downloads\reminder-bot\reminders.enc (1648 байт)
[2025-08-28T12:16:12.591Z] Помилка створення нагадування: hour is not defined
[2025-08-28T12:16:17.672Z] Створено cron для щомісячного нагадування: 0 12 25 * *
[2025-08-28T12:16:17.674Z] Початок збереження 8 нагадувань
[2025-08-28T12:16:17.675Z] Після фільтрації залишилось 8 нагадувань
[2025-08-28T12:16:17.675Z] Дані для збереження (1590 символів)
[2025-08-28T12:16:17.676Z] Створено резервну копію: C:\Users\Alezx311\Downloads\reminder-bot\reminders.enc.backup
[2025-08-28T12:16:17.677Z] Нагадування успішно збережено у C:\Users\Alezx311\Downloads\reminder-bot\reminders.enc (1920 байт)
[2025-08-28T12:16:17.677Z] Помилка створення нагадування: hour is not defined
[2025-08-28T12:16:33.274Z] Створено cron для щомісячного нагадування: 0 10 25 * *
[2025-08-28T12:16:33.276Z] Початок збереження 9 нагадувань
[2025-08-28T12:16:33.276Z] Після фільтрації залишилось 9 нагадувань
[2025-08-28T12:16:33.277Z] Дані для збереження (1818 символів)
[2025-08-28T12:16:33.278Z] Створено резервну копію: C:\Users\Alezx311\Downloads\reminder-bot\reminders.enc.backup
[2025-08-28T12:16:33.279Z] Нагадування успішно збережено у C:\Users\Alezx311\Downloads\reminder-bot\reminders.enc (2224 байт)
[2025-08-28T12:16:33.279Z] Помилка створення нагадування: hour is not defined
[2025-08-28T12:18:48.277Z] Створено cron для щомісячного нагадування: 0 12 25 * *
[2025-08-28T12:18:48.279Z] Початок збереження 10 нагадувань
[2025-08-28T12:18:48.279Z] Після фільтрації залишилось 10 нагадувань
[2025-08-28T12:18:48.279Z] Дані для збереження (2028 символів)
[2025-08-28T12:18:48.281Z] Створено резервну копію: C:\Users\Alezx311\Downloads\reminder-bot\reminders.enc.backup
[2025-08-28T12:18:48.282Z] Нагадування успішно збережено у C:\Users\Alezx311\Downloads\reminder-bot\reminders.enc (2480 байт)
[2025-08-28T12:18:48.282Z] Помилка створення нагадування: hour is not defined
[2025-08-28T12:21:16.745Z] Отримано SIGINT. Зупинка бота...
[2025-08-28T12:21:16.781Z] Бот запущено успішно!
[2025-08-28T12:21:18.586Z] Ключ шифрування валідний
[2025-08-28T12:21:18.588Z] Завантаження нагадувань з C:\Users\Alezx311\Downloads\reminder-bot\reminders.enc
[2025-08-28T12:21:18.589Z] Розшифровано 2028 символів
[2025-08-28T12:21:18.589Z] Завантажено 10 з 10 нагадувань
[2025-08-28T12:21:18.614Z] Відновлено повторюване нагадування #311 з cron: 40 9 * * *
[2025-08-28T12:21:18.617Z] Відновлено повторюване нагадування #42 з cron: 45 9 * * *
[2025-08-28T12:21:18.617Z] Відновлено одноразове нагадування #44 на 04.09.2025, 15:00:00
[2025-08-28T12:21:18.620Z] Відновлено повторюване нагадування #314 з cron: 34 12 * * *
[2025-08-28T12:21:18.621Z] Відновлено одноразове нагадування #315 на 28.08.2027, 23:50:00
[2025-08-28T12:21:18.621Z] Відновлено одноразове нагадування #316 на 01.09.2025, 11:00:00
[2025-08-28T12:21:18.623Z] Відновлено повторюване нагадування #317 з cron: 0 12 25 * *
[2025-08-28T12:21:18.625Z] Відновлено повторюване нагадування #317 з cron: 0 12 25 * *
[2025-08-28T12:21:18.626Z] Відновлено повторюване нагадування #317 з cron: 0 10 25 * *
[2025-08-28T12:21:18.628Z] Відновлено повторюване нагадування #317 з cron: 0 12 25 * *
[2025-08-28T12:21:28.082Z] Створено cron для щомісячного нагадування: 0 10 25 * *
[2025-08-28T12:21:28.085Z] Початок збереження 11 нагадувань
[2025-08-28T12:21:28.085Z] Після фільтрації залишилось 11 нагадувань
[2025-08-28T12:21:28.086Z] Дані для збереження (2249 символів)
[2025-08-28T12:21:28.087Z] Створено резервну копію: C:\Users\Alezx311\Downloads\reminder-bot\reminders.enc.backup
[2025-08-28T12:21:28.088Z] Нагадування успішно збережено у C:\Users\Alezx311\Downloads\reminder-bot\reminders.enc (2768 байт)
[2025-08-28T12:21:28.089Z] Помилка створення нагадування: hour is not defined
[2025-08-28T12:21:28.092Z] Повний стек помилки: ReferenceError: hour is not defined
    at C:\Users\Alezx311\Downloads\reminder-bot\index.js:362:71
    at C:\Users\Alezx311\Downloads\reminder-bot\node_modules\telegraf\lib\composer.js:165:111
    at process.processTicksAndRejections (node:internal/process/task_queues:105:5)
    at async execute (C:\Users\Alezx311\Downloads\reminder-bot\node_modules\telegraf\lib\composer.js:518:17)
    at async C:\Users\Alezx311\Downloads\reminder-bot\node_modules\telegraf\lib\composer.js:519:21
    at async execute (C:\Users\Alezx311\Downloads\reminder-bot\node_modules\telegraf\lib\composer.js:518:17)
    at async C:\Users\Alezx311\Downloads\reminder-bot\node_modules\telegraf\lib\composer.js:519:21
    at async execute (C:\Users\Alezx311\Downloads\reminder-bot\node_modules\telegraf\lib\composer.js:518:17)
    at async C:\Users\Alezx311\Downloads\reminder-bot\node_modules\telegraf\lib\composer.js:519:21
    at async execute (C:\Users\Alezx311\Downloads\reminder-bot\node_modules\telegraf\lib\composer.js:518:17)
[2025-08-28T12:21:28.093Z] Повідомлення користувача: "зроби нагадування перевіряти створення і видалення партицій на ску кожного 25 числа о 10 годині ранку"
[2025-08-28T12:23:01.690Z] Створено cron для щомісячного нагадування: 0 10 25 * *
[2025-08-28T12:23:01.692Z] Початок збереження 12 нагадувань
[2025-08-28T12:23:01.692Z] Після фільтрації залишилось 12 нагадувань
[2025-08-28T12:23:01.693Z] Дані для збереження (2477 символів)
[2025-08-28T12:23:01.694Z] Створено резервну копію: C:\Users\Alezx311\Downloads\reminder-bot\reminders.enc.backup
[2025-08-28T12:23:01.695Z] Нагадування успішно збережено у C:\Users\Alezx311\Downloads\reminder-bot\reminders.enc (3072 байт)
[2025-08-28T12:23:01.695Z] Помилка створення нагадування: hour is not defined
[2025-08-28T12:23:01.695Z] Повний стек помилки: ReferenceError: hour is not defined
    at C:\Users\Alezx311\Downloads\reminder-bot\index.js:362:71
    at C:\Users\Alezx311\Downloads\reminder-bot\node_modules\telegraf\lib\composer.js:165:111
    at process.processTicksAndRejections (node:internal/process/task_queues:105:5)
    at async execute (C:\Users\Alezx311\Downloads\reminder-bot\node_modules\telegraf\lib\composer.js:518:17)
    at async C:\Users\Alezx311\Downloads\reminder-bot\node_modules\telegraf\lib\composer.js:519:21
    at async execute (C:\Users\Alezx311\Downloads\reminder-bot\node_modules\telegraf\lib\composer.js:518:17)
    at async C:\Users\Alezx311\Downloads\reminder-bot\node_modules\telegraf\lib\composer.js:519:21
    at async execute (C:\Users\Alezx311\Downloads\reminder-bot\node_modules\telegraf\lib\composer.js:518:17)
    at async C:\Users\Alezx311\Downloads\reminder-bot\node_modules\telegraf\lib\composer.js:519:21
    at async execute (C:\Users\Alezx311\Downloads\reminder-bot\node_modules\telegraf\lib\composer.js:518:17)
[2025-08-28T12:23:01.696Z] Повідомлення користувача: "зроби нагадування перевіряти створення і видалення партицій на ску о 10 годині ранку кожного 25 числа місяця"
[2025-08-28T12:24:05.450Z] Отримано SIGINT. Зупинка бота...
[2025-08-28T12:24:05.488Z] Бот запущено успішно!
[2025-08-28T12:24:07.558Z] Ключ шифрування валідний
[2025-08-28T12:24:07.560Z] Завантаження нагадувань з C:\Users\Alezx311\Downloads\reminder-bot\reminders.enc
[2025-08-28T12:24:07.561Z] Розшифровано 2477 символів
[2025-08-28T12:24:07.561Z] Завантажено 12 з 12 нагадувань
[2025-08-28T12:24:07.587Z] Відновлено повторюване нагадування #311 з cron: 40 9 * * *
[2025-08-28T12:24:07.590Z] Відновлено повторюване нагадування #42 з cron: 45 9 * * *
[2025-08-28T12:24:07.591Z] Відновлено одноразове нагадування #44 на 04.09.2025, 15:00:00
[2025-08-28T12:24:07.593Z] Відновлено повторюване нагадування #314 з cron: 34 12 * * *
[2025-08-28T12:24:07.594Z] Відновлено одноразове нагадування #315 на 28.08.2027, 23:50:00
[2025-08-28T12:24:07.594Z] Відновлено одноразове нагадування #316 на 01.09.2025, 11:00:00
[2025-08-28T12:24:07.596Z] Відновлено повторюване нагадування #317 з cron: 0 12 25 * *
[2025-08-28T12:24:07.598Z] Відновлено повторюване нагадування #317 з cron: 0 12 25 * *
[2025-08-28T12:24:07.600Z] Відновлено повторюване нагадування #317 з cron: 0 10 25 * *
[2025-08-28T12:24:07.601Z] Відновлено повторюване нагадування #317 з cron: 0 12 25 * *
[2025-08-28T12:24:07.603Z] Відновлено повторюване нагадування #318 з cron: 0 10 25 * *
[2025-08-28T12:24:07.604Z] Відновлено повторюване нагадування #318 з cron: 0 10 25 * *
[2025-08-28T12:24:15.338Z] Створено cron для щомісячного нагадування: 0 10 25 * *
[2025-08-28T12:24:15.341Z] Початок збереження 13 нагадувань
[2025-08-28T12:24:15.341Z] Після фільтрації залишилось 13 нагадувань
[2025-08-28T12:24:15.341Z] Дані для збереження (2705 символів)
[2025-08-28T12:24:15.343Z] Створено резервну копію: C:\Users\Alezx311\Downloads\reminder-bot\reminders.enc.backup
[2025-08-28T12:24:15.344Z] Нагадування успішно збережено у C:\Users\Alezx311\Downloads\reminder-bot\reminders.enc (3376 байт)
[2025-08-28T12:24:15.344Z] Помилка створення нагадування: hour is not defined
[2025-08-28T12:24:15.345Z] Повний стек помилки: ReferenceError: hour is not defined
    at C:\Users\Alezx311\Downloads\reminder-bot\index.js:362:71
    at C:\Users\Alezx311\Downloads\reminder-bot\node_modules\telegraf\lib\composer.js:165:111
    at process.processTicksAndRejections (node:internal/process/task_queues:105:5)
    at async execute (C:\Users\Alezx311\Downloads\reminder-bot\node_modules\telegraf\lib\composer.js:518:17)
    at async C:\Users\Alezx311\Downloads\reminder-bot\node_modules\telegraf\lib\composer.js:519:21
    at async execute (C:\Users\Alezx311\Downloads\reminder-bot\node_modules\telegraf\lib\composer.js:518:17)
    at async C:\Users\Alezx311\Downloads\reminder-bot\node_modules\telegraf\lib\composer.js:519:21
    at async execute (C:\Users\Alezx311\Downloads\reminder-bot\node_modules\telegraf\lib\composer.js:518:17)
    at async C:\Users\Alezx311\Downloads\reminder-bot\node_modules\telegraf\lib\composer.js:519:21
    at async execute (C:\Users\Alezx311\Downloads\reminder-bot\node_modules\telegraf\lib\composer.js:518:17)
[2025-08-28T12:24:15.345Z] Повідомлення користувача: "зроби нагадування перевіряти створення і видалення партицій на ску о 10 годині ранку кожного 25 числа місяця"
[2025-08-28T12:24:27.880Z] Створено cron для щомісячного нагадування: 0 10 25 * *
[2025-08-28T12:24:27.882Z] Початок збереження 14 нагадувань
[2025-08-28T12:24:27.883Z] Після фільтрації залишилось 14 нагадувань
[2025-08-28T12:24:27.883Z] Дані для збереження (2923 символів)
[2025-08-28T12:24:27.885Z] Створено резервну копію: C:\Users\Alezx311\Downloads\reminder-bot\reminders.enc.backup
[2025-08-28T12:24:27.885Z] Нагадування успішно збережено у C:\Users\Alezx311\Downloads\reminder-bot\reminders.enc (3648 байт)
[2025-08-28T12:24:27.886Z] Помилка створення нагадування: hour is not defined
[2025-08-28T12:24:27.886Z] Повний стек помилки: ReferenceError: hour is not defined
    at C:\Users\Alezx311\Downloads\reminder-bot\index.js:362:71
    at C:\Users\Alezx311\Downloads\reminder-bot\node_modules\telegraf\lib\composer.js:165:111
    at process.processTicksAndRejections (node:internal/process/task_queues:105:5)
    at async execute (C:\Users\Alezx311\Downloads\reminder-bot\node_modules\telegraf\lib\composer.js:518:17)
    at async C:\Users\Alezx311\Downloads\reminder-bot\node_modules\telegraf\lib\composer.js:519:21
    at async execute (C:\Users\Alezx311\Downloads\reminder-bot\node_modules\telegraf\lib\composer.js:518:17)
    at async C:\Users\Alezx311\Downloads\reminder-bot\node_modules\telegraf\lib\composer.js:519:21
    at async execute (C:\Users\Alezx311\Downloads\reminder-bot\node_modules\telegraf\lib\composer.js:518:17)
    at async C:\Users\Alezx311\Downloads\reminder-bot\node_modules\telegraf\lib\composer.js:519:21
    at async execute (C:\Users\Alezx311\Downloads\reminder-bot\node_modules\telegraf\lib\composer.js:518:17)
[2025-08-28T12:24:27.887Z] Повідомлення користувача: "зроби нагадування перевіряти створення і видалення партицій на ску о 10:00 кожного 25 числа місяця"
[2025-08-28T12:24:42.555Z] Початок збереження 15 нагадувань
[2025-08-28T12:24:42.556Z] Після фільтрації залишилось 15 нагадувань
[2025-08-28T12:24:42.556Z] Дані для збереження (3096 символів)
[2025-08-28T12:24:42.557Z] Створено резервну копію: C:\Users\Alezx311\Downloads\reminder-bot\reminders.enc.backup
[2025-08-28T12:24:42.558Z] Нагадування успішно збережено у C:\Users\Alezx311\Downloads\reminder-bot\reminders.enc (3840 байт)
[2025-08-28T12:24:42.559Z] Створено одноразове нагадування #319 на 2025-08-28T12:48:42.487Z
[2025-08-28T12:29:42.177Z] Створено cron для щомісячного нагадування: 0 10 25 * *
[2025-08-28T12:29:42.179Z] Початок збереження 16 нагадувань
[2025-08-28T12:29:42.180Z] Після фільтрації залишилось 16 нагадувань
[2025-08-28T12:29:42.180Z] Дані для збереження (3324 символів)
[2025-08-28T12:29:42.182Z] Створено резервну копію: C:\Users\Alezx311\Downloads\reminder-bot\reminders.enc.backup
[2025-08-28T12:29:42.182Z] Нагадування успішно збережено у C:\Users\Alezx311\Downloads\reminder-bot\reminders.enc (4144 байт)
[2025-08-28T12:29:42.183Z] Помилка створення нагадування: hour is not defined
[2025-08-28T12:29:42.183Z] Повний стек помилки: ReferenceError: hour is not defined
    at C:\Users\Alezx311\Downloads\reminder-bot\index.js:362:71
    at C:\Users\Alezx311\Downloads\reminder-bot\node_modules\telegraf\lib\composer.js:165:111
    at process.processTicksAndRejections (node:internal/process/task_queues:105:5)
    at async execute (C:\Users\Alezx311\Downloads\reminder-bot\node_modules\telegraf\lib\composer.js:518:17)
    at async C:\Users\Alezx311\Downloads\reminder-bot\node_modules\telegraf\lib\composer.js:519:21
    at async execute (C:\Users\Alezx311\Downloads\reminder-bot\node_modules\telegraf\lib\composer.js:518:17)
    at async C:\Users\Alezx311\Downloads\reminder-bot\node_modules\telegraf\lib\composer.js:519:21
    at async execute (C:\Users\Alezx311\Downloads\reminder-bot\node_modules\telegraf\lib\composer.js:518:17)
    at async C:\Users\Alezx311\Downloads\reminder-bot\node_modules\telegraf\lib\composer.js:519:21
    at async execute (C:\Users\Alezx311\Downloads\reminder-bot\node_modules\telegraf\lib\composer.js:518:17)
[2025-08-28T12:29:42.184Z] Повідомлення користувача: "зроби нагадування перевіряти створення і видалення партицій на ску кожного 25 числа місяця о 10 годині ранку"
[2025-08-28T12:30:49.882Z] Отримано SIGINT. Зупинка бота...
[2025-08-28T12:30:49.916Z] Бот запущено успішно!
[2025-08-28T12:30:52.136Z] Ключ шифрування валідний
[2025-08-28T12:30:52.138Z] Завантаження нагадувань з C:\Users\Alezx311\Downloads\reminder-bot\reminders.enc
[2025-08-28T12:30:52.139Z] Розшифровано 3324 символів
[2025-08-28T12:30:52.140Z] Завантажено 16 з 16 нагадувань
[2025-08-28T12:30:52.166Z] Відновлено повторюване нагадування #311 з cron: 40 9 * * *
[2025-08-28T12:30:52.168Z] Відновлено повторюване нагадування #42 з cron: 45 9 * * *
[2025-08-28T12:30:52.170Z] Відновлено одноразове нагадування #44 на 04.09.2025, 15:00:00
[2025-08-28T12:30:52.172Z] Відновлено повторюване нагадування #314 з cron: 34 12 * * *
[2025-08-28T12:30:52.173Z] Відновлено одноразове нагадування #315 на 28.08.2027, 23:50:00
[2025-08-28T12:30:52.173Z] Відновлено одноразове нагадування #316 на 01.09.2025, 11:00:00
[2025-08-28T12:30:52.175Z] Відновлено повторюване нагадування #317 з cron: 0 12 25 * *
[2025-08-28T12:30:52.177Z] Відновлено повторюване нагадування #317 з cron: 0 12 25 * *
[2025-08-28T12:30:52.178Z] Відновлено повторюване нагадування #317 з cron: 0 10 25 * *
[2025-08-28T12:30:52.180Z] Відновлено повторюване нагадування #317 з cron: 0 12 25 * *
[2025-08-28T12:30:52.181Z] Відновлено повторюване нагадування #318 з cron: 0 10 25 * *
[2025-08-28T12:30:52.183Z] Відновлено повторюване нагадування #318 з cron: 0 10 25 * *
[2025-08-28T12:30:52.184Z] Відновлено повторюване нагадування #319 з cron: 0 10 25 * *
[2025-08-28T12:30:52.186Z] Відновлено повторюване нагадування #319 з cron: 0 10 25 * *
[2025-08-28T12:30:52.187Z] Відновлено одноразове нагадування #319 на 28.08.2025, 15:48:42
[2025-08-28T12:30:52.188Z] Відновлено повторюване нагадування #320 з cron: 0 10 25 * *
[2025-08-28T12:31:46.985Z] Отримано SIGINT. Зупинка бота...
[2025-08-28T12:31:47.093Z] Бот запущено успішно!
[2025-08-28T12:31:49.689Z] Ключ шифрування валідний
[2025-08-28T12:31:49.691Z] Завантаження нагадувань з C:\Users\Alezx311\Downloads\reminder-bot\reminders.enc
[2025-08-28T12:31:49.692Z] Розшифровано 3324 символів
[2025-08-28T12:31:49.693Z] Завантажено 16 з 16 нагадувань
[2025-08-28T12:32:03.458Z] Ключ шифрування валідний
[2025-08-28T12:32:03.460Z] Завантаження нагадувань з C:\Users\Alezx311\Downloads\reminder-bot\reminders.enc
[2025-08-28T12:32:03.461Z] Розшифровано 3324 символів
[2025-08-28T12:32:03.461Z] Завантажено 16 з 16 нагадувань
[2025-08-28T12:32:03.486Z] Відновлено повторюване нагадування #311 з cron: 40 9 * * *
[2025-08-28T12:32:03.489Z] Відновлено повторюване нагадування #42 з cron: 45 9 * * *
[2025-08-28T12:32:03.490Z] Відновлено одноразове нагадування #44 на 04.09.2025, 15:00:00
[2025-08-28T12:32:03.493Z] Відновлено повторюване нагадування #314 з cron: 34 12 * * *
[2025-08-28T12:32:03.493Z] Відновлено одноразове нагадування #315 на 28.08.2027, 23:50:00
[2025-08-28T12:32:03.494Z] Відновлено одноразове нагадування #316 на 01.09.2025, 11:00:00
[2025-08-28T12:32:03.495Z] Відновлено повторюване нагадування #317 з cron: 0 12 25 * *
[2025-08-28T12:32:03.497Z] Відновлено повторюване нагадування #317 з cron: 0 12 25 * *
[2025-08-28T12:32:03.498Z] Відновлено повторюване нагадування #317 з cron: 0 10 25 * *
[2025-08-28T12:32:03.500Z] Відновлено повторюване нагадування #317 з cron: 0 12 25 * *
[2025-08-28T12:32:03.501Z] Відновлено повторюване нагадування #318 з cron: 0 10 25 * *
[2025-08-28T12:32:03.503Z] Відновлено повторюване нагадування #318 з cron: 0 10 25 * *
[2025-08-28T12:32:03.505Z] Відновлено повторюване нагадування #319 з cron: 0 10 25 * *
[2025-08-28T12:32:03.507Z] Відновлено повторюване нагадування #319 з cron: 0 10 25 * *
[2025-08-28T12:32:03.507Z] Відновлено одноразове нагадування #319 на 28.08.2025, 15:48:42
[2025-08-28T12:32:03.508Z] Відновлено повторюване нагадування #320 з cron: 0 10 25 * *
[2025-08-28T12:33:29.136Z] Отримано SIGINT. Зупинка бота...
[2025-08-28T12:33:29.174Z] Бот запущено успішно!
[2025-08-28T12:33:31.481Z] Ключ шифрування валідний
[2025-08-28T12:33:31.484Z] Завантаження нагадувань з C:\Users\Alezx311\Downloads\reminder-bot\reminders.enc
[2025-08-28T12:33:31.484Z] Розшифровано 3324 символів
[2025-08-28T12:33:31.485Z] Завантажено 16 з 16 нагадувань
[2025-08-28T12:33:31.509Z] Відновлено повторюване нагадування #311 з cron: 40 9 * * *
[2025-08-28T12:33:31.512Z] Відновлено повторюване нагадування #42 з cron: 45 9 * * *
[2025-08-28T12:33:31.513Z] Відновлено одноразове нагадування #44 на 04.09.2025, 15:00:00
[2025-08-28T12:33:31.515Z] Відновлено повторюване нагадування #314 з cron: 34 12 * * *
[2025-08-28T12:33:31.516Z] Відновлено одноразове нагадування #315 на 28.08.2027, 23:50:00
[2025-08-28T12:33:31.516Z] Відновлено одноразове нагадування #316 на 01.09.2025, 11:00:00
[2025-08-28T12:33:31.518Z] Відновлено повторюване нагадування #317 з cron: 0 12 25 * *
[2025-08-28T12:33:31.520Z] Відновлено повторюване нагадування #317 з cron: 0 12 25 * *
[2025-08-28T12:33:31.522Z] Відновлено повторюване нагадування #317 з cron: 0 10 25 * *
[2025-08-28T12:33:31.523Z] Відновлено повторюване нагадування #317 з cron: 0 12 25 * *
[2025-08-28T12:33:31.525Z] Відновлено повторюване нагадування #318 з cron: 0 10 25 * *
[2025-08-28T12:33:31.526Z] Відновлено повторюване нагадування #318 з cron: 0 10 25 * *
[2025-08-28T12:33:31.528Z] Відновлено повторюване нагадування #319 з cron: 0 10 25 * *
[2025-08-28T12:33:31.530Z] Відновлено повторюване нагадування #319 з cron: 0 10 25 * *
[2025-08-28T12:33:31.530Z] Відновлено одноразове нагадування #319 на 28.08.2025, 15:48:42
[2025-08-28T12:33:31.531Z] Відновлено повторюване нагадування #320 з cron: 0 10 25 * *
[2025-08-28T12:35:37.721Z] Отримано SIGINT. Зупинка бота...
[2025-08-28T12:35:37.832Z] Бот запущено успішно!
[2025-08-28T12:35:39.908Z] Ключ шифрування валідний
[2025-08-28T12:35:39.909Z] Завантаження нагадувань з C:\Users\Alezx311\Downloads\reminder-bot\reminders.enc
[2025-08-28T12:35:39.910Z] Розшифровано 3324 символів
[2025-08-28T12:35:39.910Z] Завантажено 16 з 16 нагадувань
[2025-08-28T12:35:42.288Z] Ключ шифрування валідний
[2025-08-28T12:35:42.290Z] Завантаження нагадувань з C:\Users\Alezx311\Downloads\reminder-bot\reminders.enc
[2025-08-28T12:35:42.291Z] Розшифровано 3324 символів
[2025-08-28T12:35:42.291Z] Завантажено 16 з 16 нагадувань
[2025-08-28T12:35:42.316Z] Відновлено повторюване нагадування #311 з cron: 40 9 * * *
[2025-08-28T12:35:42.318Z] Відновлено повторюване нагадування #42 з cron: 45 9 * * *
[2025-08-28T12:35:42.320Z] Відновлено одноразове нагадування #44 на 04.09.2025, 15:00:00
[2025-08-28T12:35:42.322Z] Відновлено повторюване нагадування #314 з cron: 34 12 * * *
[2025-08-28T12:35:42.323Z] Відновлено одноразове нагадування #315 на 28.08.2027, 23:50:00
[2025-08-28T12:35:42.324Z] Відновлено одноразове нагадування #316 на 01.09.2025, 11:00:00
[2025-08-28T12:35:42.325Z] Відновлено повторюване нагадування #317 з cron: 0 12 25 * *
[2025-08-28T12:35:42.327Z] Відновлено повторюване нагадування #317 з cron: 0 12 25 * *
[2025-08-28T12:35:42.329Z] Відновлено повторюване нагадування #317 з cron: 0 10 25 * *
[2025-08-28T12:35:42.330Z] Відновлено повторюване нагадування #317 з cron: 0 12 25 * *
[2025-08-28T12:35:42.332Z] Відновлено повторюване нагадування #318 з cron: 0 10 25 * *
[2025-08-28T12:35:42.333Z] Відновлено повторюване нагадування #318 з cron: 0 10 25 * *
[2025-08-28T12:35:42.335Z] Відновлено повторюване нагадування #319 з cron: 0 10 25 * *
[2025-08-28T12:35:42.337Z] Відновлено повторюване нагадування #319 з cron: 0 10 25 * *
[2025-08-28T12:35:42.337Z] Відновлено одноразове нагадування #319 на 28.08.2025, 15:48:42
[2025-08-28T12:35:42.339Z] Відновлено повторюване нагадування #320 з cron: 0 10 25 * *
[2025-08-28T12:36:06.397Z] Початок збереження 15 нагадувань
[2025-08-28T12:36:06.398Z] Після фільтрації залишилось 15 нагадувань
[2025-08-28T12:36:06.398Z] Дані для збереження (3096 символів)
[2025-08-28T12:36:06.400Z] Створено резервну копію: C:\Users\Alezx311\Downloads\reminder-bot\reminders.enc.backup
[2025-08-28T12:36:06.400Z] Нагадування успішно збережено у C:\Users\Alezx311\Downloads\reminder-bot\reminders.enc (3840 байт)
[2025-08-28T12:36:06.401Z] Callback: Видалено нагадування #320
[2025-08-28T12:36:07.470Z] Початок збереження 14 нагадувань
[2025-08-28T12:36:07.471Z] Після фільтрації залишилось 14 нагадувань
[2025-08-28T12:36:07.471Z] Дані для збереження (2886 символів)
[2025-08-28T12:36:07.472Z] Створено резервну копію: C:\Users\Alezx311\Downloads\reminder-bot\reminders.enc.backup
[2025-08-28T12:36:07.473Z] Нагадування успішно збережено у C:\Users\Alezx311\Downloads\reminder-bot\reminders.enc (3568 байт)
[2025-08-28T12:36:07.473Z] Callback: Видалено нагадування #317
[2025-08-28T12:36:08.673Z] Початок збереження 13 нагадувань
[2025-08-28T12:36:08.674Z] Після фільтрації залишилось 13 нагадувань
[2025-08-28T12:36:08.675Z] Дані для збереження (2658 символів)
[2025-08-28T12:36:08.676Z] Створено резервну копію: C:\Users\Alezx311\Downloads\reminder-bot\reminders.enc.backup
[2025-08-28T12:36:08.676Z] Нагадування успішно збережено у C:\Users\Alezx311\Downloads\reminder-bot\reminders.enc (3280 байт)
[2025-08-28T12:36:08.677Z] Callback: Видалено нагадування #319
[2025-08-28T12:36:12.279Z] Початок збереження 12 нагадувань
[2025-08-28T12:36:12.279Z] Після фільтрації залишилось 12 нагадувань
[2025-08-28T12:36:12.280Z] Дані для збереження (2437 символів)
[2025-08-28T12:36:12.281Z] Створено резервну копію: C:\Users\Alezx311\Downloads\reminder-bot\reminders.enc.backup
[2025-08-28T12:36:12.281Z] Нагадування успішно збережено у C:\Users\Alezx311\Downloads\reminder-bot\reminders.enc (2992 байт)
[2025-08-28T12:36:12.282Z] Callback: Видалено нагадування #318
[2025-08-28T12:36:13.281Z] Початок збереження 11 нагадувань
[2025-08-28T12:36:13.282Z] Після фільтрації залишилось 11 нагадувань
[2025-08-28T12:36:13.282Z] Дані для збереження (2209 символів)
[2025-08-28T12:36:13.284Z] Створено резервну копію: C:\Users\Alezx311\Downloads\reminder-bot\reminders.enc.backup
[2025-08-28T12:36:13.284Z] Нагадування успішно збережено у C:\Users\Alezx311\Downloads\reminder-bot\reminders.enc (2688 байт)
[2025-08-28T12:36:13.285Z] Callback: Видалено нагадування #318
[2025-08-28T12:36:14.836Z] Початок збереження 10 нагадувань
[2025-08-28T12:36:14.836Z] Після фільтрації залишилось 10 нагадувань
[2025-08-28T12:36:14.837Z] Дані для збереження (1991 символів)
[2025-08-28T12:36:14.838Z] Створено резервну копію: C:\Users\Alezx311\Downloads\reminder-bot\reminders.enc.backup
[2025-08-28T12:36:14.839Z] Нагадування успішно збережено у C:\Users\Alezx311\Downloads\reminder-bot\reminders.enc (2400 байт)
[2025-08-28T12:36:14.839Z] Callback: Видалено нагадування #319
[2025-08-28T12:36:15.789Z] Початок збереження 9 нагадувань
[2025-08-28T12:36:15.789Z] Після фільтрації залишилось 9 нагадувань
[2025-08-28T12:36:15.790Z] Дані для збереження (1781 символів)
[2025-08-28T12:36:15.791Z] Створено резервну копію: C:\Users\Alezx311\Downloads\reminder-bot\reminders.enc.backup
[2025-08-28T12:36:15.792Z] Нагадування успішно збережено у C:\Users\Alezx311\Downloads\reminder-bot\reminders.enc (2144 байт)
[2025-08-28T12:36:15.792Z] Callback: Видалено нагадування #317
[2025-08-28T12:36:17.589Z] Початок збереження 8 нагадувань
[2025-08-28T12:36:17.589Z] Після фільтрації залишилось 8 нагадувань
[2025-08-28T12:36:17.590Z] Дані для збереження (1553 символів)
[2025-08-28T12:36:17.591Z] Створено резервну копію: C:\Users\Alezx311\Downloads\reminder-bot\reminders.enc.backup
[2025-08-28T12:36:17.592Z] Нагадування успішно збережено у C:\Users\Alezx311\Downloads\reminder-bot\reminders.enc (1840 байт)
[2025-08-28T12:36:17.592Z] Callback: Видалено нагадування #317
[2025-08-28T12:36:22.471Z] Початок збереження 7 нагадувань
[2025-08-28T12:36:22.471Z] Після фільтрації залишилось 7 нагадувань
[2025-08-28T12:36:22.472Z] Дані для збереження (1343 символів)
[2025-08-28T12:36:22.473Z] Створено резервну копію: C:\Users\Alezx311\Downloads\reminder-bot\reminders.enc.backup
[2025-08-28T12:36:22.474Z] Нагадування успішно збережено у C:\Users\Alezx311\Downloads\reminder-bot\reminders.enc (1568 байт)
[2025-08-28T12:36:22.474Z] Callback: Видалено нагадування #317
[2025-08-28T12:36:30.771Z] Початок збереження 6 нагадувань
[2025-08-28T12:36:30.772Z] Після фільтрації залишилось 6 нагадувань
[2025-08-28T12:36:30.772Z] Дані для збереження (1137 символів)
[2025-08-28T12:36:30.773Z] Створено резервну копію: C:\Users\Alezx311\Downloads\reminder-bot\reminders.enc.backup
[2025-08-28T12:36:30.774Z] Нагадування успішно збережено у C:\Users\Alezx311\Downloads\reminder-bot\reminders.enc (1312 байт)
[2025-08-28T12:36:30.774Z] Callback: Видалено нагадування #314
[2025-08-28T12:36:34.469Z] Початок збереження 5 нагадувань
[2025-08-28T12:36:34.470Z] Після фільтрації залишилось 5 нагадувань
[2025-08-28T12:36:34.470Z] Дані для збереження (933 символів)
[2025-08-28T12:36:34.471Z] Створено резервну копію: C:\Users\Alezx311\Downloads\reminder-bot\reminders.enc.backup
[2025-08-28T12:36:34.472Z] Нагадування успішно збережено у C:\Users\Alezx311\Downloads\reminder-bot\reminders.enc (1072 байт)
[2025-08-28T12:36:34.472Z] Callback: Видалено нагадування #315
[2025-08-28T12:37:55.177Z] Створено cron для щомісячного нагадування: 0 23 23 * *
[2025-08-28T12:37:55.179Z] Початок збереження 6 нагадувань
[2025-08-28T12:37:55.180Z] Після фільтрації залишилось 6 нагадувань
[2025-08-28T12:37:55.180Z] Дані для збереження (1123 символів)
[2025-08-28T12:37:55.181Z] Створено резервну копію: C:\Users\Alezx311\Downloads\reminder-bot\reminders.enc.backup
[2025-08-28T12:37:55.182Z] Нагадування успішно збережено у C:\Users\Alezx311\Downloads\reminder-bot\reminders.enc (1296 байт)
[2025-08-28T12:37:55.182Z] Помилка створення нагадування: hour is not defined
[2025-08-28T12:37:55.183Z] Повний стек помилки: ReferenceError: hour is not defined
    at C:\Users\Alezx311\Downloads\reminder-bot\index.js:362:71
    at C:\Users\Alezx311\Downloads\reminder-bot\node_modules\telegraf\lib\composer.js:165:111
    at process.processTicksAndRejections (node:internal/process/task_queues:105:5)
    at async execute (C:\Users\Alezx311\Downloads\reminder-bot\node_modules\telegraf\lib\composer.js:518:17)
    at async C:\Users\Alezx311\Downloads\reminder-bot\node_modules\telegraf\lib\composer.js:519:21
    at async execute (C:\Users\Alezx311\Downloads\reminder-bot\node_modules\telegraf\lib\composer.js:518:17)
    at async C:\Users\Alezx311\Downloads\reminder-bot\node_modules\telegraf\lib\composer.js:519:21
    at async execute (C:\Users\Alezx311\Downloads\reminder-bot\node_modules\telegraf\lib\composer.js:518:17)
    at async C:\Users\Alezx311\Downloads\reminder-bot\node_modules\telegraf\lib\composer.js:519:21
    at async execute (C:\Users\Alezx311\Downloads\reminder-bot\node_modules\telegraf\lib\composer.js:518:17)
[2025-08-28T12:37:55.183Z] Повідомлення користувача: "зроби нагадування надсилати тестове повідомлення кожного 23 числа о 16"
[2025-08-28T12:39:31.154Z] Отримано SIGINT. Зупинка бота...
[2025-08-28T12:39:31.196Z] Бот запущено успішно!
[2025-08-28T12:39:33.231Z] Ключ шифрування валідний
[2025-08-28T12:39:33.233Z] Завантаження нагадувань з C:\Users\Alezx311\Downloads\reminder-bot\reminders.enc
[2025-08-28T12:39:33.235Z] Розшифровано 1123 символів
[2025-08-28T12:39:33.235Z] Завантажено 6 з 6 нагадувань
[2025-08-28T12:39:33.260Z] Відновлено повторюване нагадування #311 з cron: 40 9 * * *
[2025-08-28T12:39:33.262Z] Відновлено повторюване нагадування #42 з cron: 45 9 * * *
[2025-08-28T12:39:33.263Z] Відновлено одноразове нагадування #44 на 04.09.2025, 15:00:00
[2025-08-28T12:39:33.264Z] Відновлено одноразове нагадування #316 на 01.09.2025, 11:00:00
[2025-08-28T12:39:33.264Z] Відновлено одноразове нагадування #319 на 28.08.2025, 15:48:42
[2025-08-28T12:39:33.266Z] Відновлено повторюване нагадування #321 з cron: 0 23 23 * *
[2025-08-28T12:39:49.754Z] Створено cron для щомісячного нагадування: 0 23 23 * *
[2025-08-28T12:39:49.757Z] Початок збереження 7 нагадувань
[2025-08-28T12:39:49.758Z] Після фільтрації залишилось 7 нагадувань
[2025-08-28T12:39:49.758Z] Дані для збереження (1313 символів)
[2025-08-28T12:39:49.760Z] Створено резервну копію: C:\Users\Alezx311\Downloads\reminder-bot\reminders.enc.backup
[2025-08-28T12:39:49.760Z] Нагадування успішно збережено у C:\Users\Alezx311\Downloads\reminder-bot\reminders.enc (1536 байт)
[2025-08-28T12:39:49.761Z] Створено повторюване нагадування #322 з cron: 0 23 23 * * (щомісяця 23 числа о 23:00)
[2025-08-28T12:39:55.997Z] Початок збереження 6 нагадувань
[2025-08-28T12:39:55.997Z] Після фільтрації залишилось 6 нагадувань
[2025-08-28T12:39:55.998Z] Дані для збереження (1123 символів)
[2025-08-28T12:39:55.999Z] Створено резервну копію: C:\Users\Alezx311\Downloads\reminder-bot\reminders.enc.backup
[2025-08-28T12:39:56.000Z] Нагадування успішно збережено у C:\Users\Alezx311\Downloads\reminder-bot\reminders.enc (1296 байт)
[2025-08-28T12:39:56.000Z] Callback: Видалено нагадування #322
[2025-08-28T12:40:01.181Z] Початок збереження 5 нагадувань
[2025-08-28T12:40:01.181Z] Після фільтрації залишилось 5 нагадувань
[2025-08-28T12:40:01.182Z] Дані для збереження (933 символів)
[2025-08-28T12:40:01.183Z] Створено резервну копію: C:\Users\Alezx311\Downloads\reminder-bot\reminders.enc.backup
[2025-08-28T12:40:01.183Z] Нагадування успішно збережено у C:\Users\Alezx311\Downloads\reminder-bot\reminders.enc (1072 байт)
[2025-08-28T12:40:01.184Z] Callback: Видалено нагадування #321
[2025-08-28T12:40:04.857Z] Початок збереження 4 нагадувань
[2025-08-28T12:40:04.857Z] Після фільтрації залишилось 4 нагадувань
[2025-08-28T12:40:04.858Z] Дані для збереження (760 символів)
[2025-08-28T12:40:04.859Z] Створено резервну копію: C:\Users\Alezx311\Downloads\reminder-bot\reminders.enc.backup
[2025-08-28T12:40:04.859Z] Нагадування успішно збережено у C:\Users\Alezx311\Downloads\reminder-bot\reminders.enc (880 байт)
[2025-08-28T12:40:04.860Z] Callback: Видалено нагадування #319
[2025-08-28T12:42:38.649Z] Отримано SIGINT. Зупинка бота...
[2025-08-28T12:42:38.686Z] Бот запущено успішно!
[2025-08-28T12:42:40.687Z] Ключ шифрування валідний
[2025-08-28T12:42:40.689Z] Завантаження нагадувань з C:\Users\Alezx311\Downloads\reminder-bot\reminders.enc
[2025-08-28T12:42:40.690Z] Розшифровано 760 символів
[2025-08-28T12:42:40.690Z] Завантажено 4 з 4 нагадувань
[2025-08-28T12:42:40.716Z] Відновлено повторюване нагадування #311 з cron: 40 9 * * *
[2025-08-28T12:42:40.719Z] Відновлено повторюване нагадування #42 з cron: 45 9 * * *
[2025-08-28T12:42:40.720Z] Відновлено одноразове нагадування #44 на 04.09.2025, 15:00:00
[2025-08-28T12:42:40.720Z] Відновлено одноразове нагадування #316 на 01.09.2025, 11:00:00
[2025-08-28T12:43:04.784Z] Отримано SIGINT. Зупинка бота...
[2025-08-28T12:43:04.891Z] Бот запущено успішно!
[2025-08-28T12:43:06.608Z] Ключ шифрування валідний
[2025-08-28T12:43:06.610Z] Завантаження нагадувань з C:\Users\Alezx311\Downloads\reminder-bot\reminders.enc
[2025-08-28T12:43:06.611Z] Розшифровано 760 символів
[2025-08-28T12:43:06.612Z] Завантажено 4 з 4 нагадувань
[2025-08-28T12:43:06.636Z] Відновлено повторюване нагадування #311 з cron: 40 9 * * *
[2025-08-28T12:43:06.639Z] Відновлено повторюване нагадування #42 з cron: 45 9 * * *
[2025-08-28T12:43:06.640Z] Відновлено одноразове нагадування #44 на 04.09.2025, 15:00:00
[2025-08-28T12:43:06.641Z] Відновлено одноразове нагадування #316 на 01.09.2025, 11:00:00
[2025-08-28T12:43:10.308Z] Створено cron для щомісячного нагадування: 44 15 28 * *
[2025-08-28T12:43:10.310Z] Початок збереження 5 нагадувань
[2025-08-28T12:43:10.310Z] Після фільтрації залишилось 5 нагадувань
[2025-08-28T12:43:10.310Z] Дані для збереження (960 символів)
[2025-08-28T12:43:10.312Z] Створено резервну копію: C:\Users\Alezx311\Downloads\reminder-bot\reminders.enc.backup
[2025-08-28T12:43:10.313Z] Нагадування успішно збережено у C:\Users\Alezx311\Downloads\reminder-bot\reminders.enc (1120 байт)
[2025-08-28T12:43:10.314Z] Створено повторюване нагадування #317 з cron: 44 15 28 * * (щомісяця 28 числа о 15:44)
[2025-08-28T12:44:25.615Z] Створено cron для щомісячного нагадування: 45 15 28 * *
[2025-08-28T12:44:25.616Z] Початок збереження 6 нагадувань
[2025-08-28T12:44:25.617Z] Після фільтрації залишилось 6 нагадувань
[2025-08-28T12:44:25.617Z] Дані для збереження (1160 символів)
[2025-08-28T12:44:25.618Z] Створено резервну копію: C:\Users\Alezx311\Downloads\reminder-bot\reminders.enc.backup
[2025-08-28T12:44:25.619Z] Нагадування успішно збережено у C:\Users\Alezx311\Downloads\reminder-bot\reminders.enc (1376 байт)
[2025-08-28T12:44:25.619Z] Створено повторюване нагадування #318 з cron: 45 15 28 * * (щомісяця 28 числа о 15:45)
[2025-08-28T12:45:55.193Z] Отримано SIGINT. Зупинка бота...
[2025-08-28T12:45:55.234Z] Бот запущено успішно!
[2025-08-28T12:45:56.504Z] Ключ шифрування валідний
[2025-08-28T12:45:56.506Z] Завантаження нагадувань з C:\Users\Alezx311\Downloads\reminder-bot\reminders.enc
[2025-08-28T12:45:56.506Z] Розшифровано 1160 символів
[2025-08-28T12:45:56.507Z] Завантажено 6 з 6 нагадувань
[2025-08-28T12:45:58.989Z] Ключ шифрування валідний
[2025-08-28T12:45:58.991Z] Завантаження нагадувань з C:\Users\Alezx311\Downloads\reminder-bot\reminders.enc
[2025-08-28T12:45:58.992Z] Розшифровано 1160 символів
[2025-08-28T12:45:58.992Z] Завантажено 6 з 6 нагадувань
[2025-08-28T12:45:59.018Z] Відновлено повторюване нагадування #311 з cron: 40 9 * * *
[2025-08-28T12:45:59.021Z] Відновлено повторюване нагадування #42 з cron: 45 9 * * *
[2025-08-28T12:45:59.023Z] Відновлено одноразове нагадування #44 на 04.09.2025, 15:00:00
[2025-08-28T12:45:59.023Z] Відновлено одноразове нагадування #316 на 01.09.2025, 11:00:00
[2025-08-28T12:45:59.027Z] Відновлено повторюване нагадування #317 з cron: 44 15 28 * *
[2025-08-28T12:45:59.031Z] Відновлено повторюване нагадування #318 з cron: 45 15 28 * *
[2025-08-28T12:47:25.774Z] Створено cron для щомісячного нагадування: 0 10 25 * *
[2025-08-28T12:47:25.777Z] Початок збереження 7 нагадувань
[2025-08-28T12:47:25.777Z] Після фільтрації залишилось 7 нагадувань
[2025-08-28T12:47:25.778Z] Дані для збереження (1357 символів)
[2025-08-28T12:47:25.779Z] Створено резервну копію: C:\Users\Alezx311\Downloads\reminder-bot\reminders.enc.backup
[2025-08-28T12:47:25.780Z] Нагадування успішно збережено у C:\Users\Alezx311\Downloads\reminder-bot\reminders.enc (1600 байт)
[2025-08-28T12:47:25.781Z] Створено повторюване нагадування #319 з cron: 0 10 25 * * (щомісяця 25 числа о 10:00)
[2025-08-28T12:47:59.945Z] Створено cron для щомісячного нагадування: 0 10 4 * *
[2025-08-28T12:47:59.947Z] Початок збереження 8 нагадувань
[2025-08-28T12:47:59.947Z] Після фільтрації залишилось 8 нагадувань
[2025-08-28T12:47:59.947Z] Дані для збереження (1569 символів)
[2025-08-28T12:47:59.949Z] Створено резервну копію: C:\Users\Alezx311\Downloads\reminder-bot\reminders.enc.backup
[2025-08-28T12:47:59.949Z] Нагадування успішно збережено у C:\Users\Alezx311\Downloads\reminder-bot\reminders.enc (1856 байт)
[2025-08-28T12:47:59.950Z] Створено повторюване нагадування #320 з cron: 0 10 4 * * (щомісяця 4 числа о 10:00)
[2025-08-28T13:07:38.313Z] Створено cron для щомісячного нагадування: 10 16 28 * *
[2025-08-28T13:07:38.314Z] Початок збереження 9 нагадувань
[2025-08-28T13:07:38.315Z] Після фільтрації залишилось 9 нагадувань
[2025-08-28T13:07:38.315Z] Дані для збереження (1769 символів)
[2025-08-28T13:07:38.316Z] Створено резервну копію: C:\Users\Alezx311\Downloads\reminder-bot\reminders.enc.backup
[2025-08-28T13:07:38.317Z] Нагадування успішно збережено у C:\Users\Alezx311\Downloads\reminder-bot\reminders.enc (2112 байт)
[2025-08-28T13:07:38.317Z] Створено повторюване нагадування #321 з cron: 10 16 28 * * (щомісяця 28 числа о 16:10)
[2025-08-28T13:07:42.257Z] Початок збереження 8 нагадувань
[2025-08-28T13:07:42.257Z] Після фільтрації залишилось 8 нагадувань
[2025-08-28T13:07:42.258Z] Дані для збереження (1569 символів)
[2025-08-28T13:07:42.259Z] Створено резервну копію: C:\Users\Alezx311\Downloads\reminder-bot\reminders.enc.backup
[2025-08-28T13:07:42.260Z] Нагадування успішно збережено у C:\Users\Alezx311\Downloads\reminder-bot\reminders.enc (1856 байт)
[2025-08-28T13:07:42.260Z] Callback: Видалено нагадування #317
[2025-08-28T13:07:43.580Z] Початок збереження 7 нагадувань
[2025-08-28T13:07:43.580Z] Після фільтрації залишилось 7 нагадувань
[2025-08-28T13:07:43.581Z] Дані для збереження (1369 символів)
[2025-08-28T13:07:43.582Z] Створено резервну копію: C:\Users\Alezx311\Downloads\reminder-bot\reminders.enc.backup
[2025-08-28T13:07:43.583Z] Нагадування успішно збережено у C:\Users\Alezx311\Downloads\reminder-bot\reminders.enc (1616 байт)
[2025-08-28T13:07:43.583Z] Callback: Видалено нагадування #318
[2025-08-29T06:09:08.223Z] Ключ шифрування валідний
[2025-08-29T06:09:08.225Z] Завантаження нагадувань з C:\Users\Alezx311\Downloads\reminder-bot\reminders.enc
[2025-08-29T06:09:08.227Z] Розшифровано 1369 символів
[2025-08-29T06:09:08.227Z] Завантажено 7 з 7 нагадувань
[2025-08-29T06:09:08.315Z] Відновлено повторюване нагадування #311 з cron: 40 9 * * *
[2025-08-29T06:09:08.317Z] Відновлено повторюване нагадування #42 з cron: 45 9 * * *
[2025-08-29T06:09:08.318Z] Відновлено одноразове нагадування #44 на 04.09.2025, 15:00:00
[2025-08-29T06:09:08.319Z] Відновлено одноразове нагадування #316 на 01.09.2025, 11:00:00
[2025-08-29T06:09:08.321Z] Відновлено повторюване нагадування #319 з cron: 0 10 25 * *
[2025-08-29T06:09:08.322Z] Відновлено повторюване нагадування #320 з cron: 0 10 4 * *
[2025-08-29T06:09:08.324Z] Відновлено повторюване нагадування #321 з cron: 10 16 28 * *
[2025-09-01T06:22:44.016Z] Ключ шифрування валідний
[2025-09-01T06:22:44.019Z] Завантаження нагадувань з C:\Users\Alezx311\Downloads\reminder-bot\reminders.enc
[2025-09-01T06:22:44.020Z] Розшифровано 1369 символів
[2025-09-01T06:22:44.021Z] Завантажено 7 з 7 нагадувань
[2025-09-01T06:22:44.096Z] Відновлено повторюване нагадування #311 з cron: 40 9 * * *
[2025-09-01T06:22:44.098Z] Відновлено повторюване нагадування #42 з cron: 45 9 * * *
[2025-09-01T06:22:44.099Z] Відновлено одноразове нагадування #44 на 04.09.2025, 15:00:00
[2025-09-01T06:22:44.100Z] Відновлено одноразове нагадування #316 на 01.09.2025, 11:00:00
[2025-09-01T06:22:44.102Z] Відновлено повторюване нагадування #319 з cron: 0 10 25 * *
[2025-09-01T06:22:44.103Z] Відновлено повторюване нагадування #320 з cron: 0 10 4 * *
[2025-09-01T06:22:44.105Z] Відновлено повторюване нагадування #321 з cron: 10 16 28 * *
[2025-09-01T06:42:32.460Z] Початок збереження 6 нагадувань
[2025-09-01T06:42:32.461Z] Після фільтрації залишилось 6 нагадувань
[2025-09-01T06:42:32.461Z] Дані для збереження (1191 символів)
[2025-09-01T06:42:32.463Z] Створено резервну копію: C:\Users\Alezx311\Downloads\reminder-bot\reminders.enc.backup
[2025-09-01T06:42:32.464Z] Нагадування успішно збережено у C:\Users\Alezx311\Downloads\reminder-bot\reminders.enc (1408 байт)
[2025-09-01T06:42:32.464Z] Callback: Видалено нагадування #311
[2025-09-01T06:42:34.991Z] Початок збереження 5 нагадувань
[2025-09-01T06:42:34.991Z] Після фільтрації залишилось 5 нагадувань
[2025-09-01T06:42:34.992Z] Дані для збереження (991 символів)
[2025-09-01T06:42:34.993Z] Створено резервну копію: C:\Users\Alezx311\Downloads\reminder-bot\reminders.enc.backup
[2025-09-01T06:42:34.993Z] Нагадування успішно збережено у C:\Users\Alezx311\Downloads\reminder-bot\reminders.enc (1168 байт)
[2025-09-01T06:42:34.994Z] Callback: Видалено нагадування #321
[2025-09-01T08:00:00.011Z] Початок збереження 4 нагадувань
[2025-09-01T08:00:00.012Z] Після фільтрації залишилось 4 нагадувань
[2025-09-01T08:00:00.012Z] Дані для збереження (790 символів)
[2025-09-01T08:00:00.013Z] Створено резервну копію: C:\Users\Alezx311\Downloads\reminder-bot\reminders.enc.backup
[2025-09-01T08:00:00.014Z] Нагадування успішно збережено у C:\Users\Alezx311\Downloads\reminder-bot\reminders.enc (944 байт)
[2025-09-02T06:41:57.327Z] Ключ шифрування валідний
[2025-09-02T06:41:57.330Z] Завантаження нагадувань з C:\Users\Alezx311\Downloads\reminder-bot\reminders.enc
[2025-09-02T06:41:57.332Z] Розшифровано 790 символів
[2025-09-02T06:41:57.333Z] Завантажено 4 з 4 нагадувань
[2025-09-02T06:41:57.419Z] Відновлено повторюване нагадування #42 з cron: 45 9 * * *
[2025-09-02T06:41:57.421Z] Відновлено одноразове нагадування #44 на 04.09.2025, 15:00:00
[2025-09-02T06:41:57.424Z] Відновлено повторюване нагадування #319 з cron: 0 10 25 * *
[2025-09-02T06:41:57.425Z] Відновлено повторюване нагадування #320 з cron: 0 10 4 * *
[2025-09-02T08:32:27.149Z] Початок збереження 5 нагадувань
[2025-09-02T08:32:27.150Z] Після фільтрації залишилось 5 нагадувань
[2025-09-02T08:32:27.150Z] Дані для збереження (991 символів)
[2025-09-02T08:32:27.153Z] Створено резервну копію: C:\Users\Alezx311\Downloads\reminder-bot\reminders.enc.backup
[2025-09-02T08:32:27.154Z] Нагадування успішно збережено у C:\Users\Alezx311\Downloads\reminder-bot\reminders.enc (1184 байт)
[2025-09-02T08:32:27.155Z] Створено одноразове нагадування #321 на 2025-09-02T19:00:00.000Z
[2025-09-02T08:33:34.990Z] Початок збереження 6 нагадувань
[2025-09-02T08:33:34.990Z] Після фільтрації залишилось 6 нагадувань
[2025-09-02T08:33:34.991Z] Дані для збереження (1200 символів)
[2025-09-02T08:33:34.992Z] Створено резервну копію: C:\Users\Alezx311\Downloads\reminder-bot\reminders.enc.backup
[2025-09-02T08:33:34.993Z] Нагадування успішно збережено у C:\Users\Alezx311\Downloads\reminder-bot\reminders.enc (1424 байт)
[2025-09-02T08:33:34.993Z] Створено одноразове нагадування #322 на 2025-09-02T19:00:00.000Z
[2025-09-02T08:42:26.035Z] Ключ шифрування валідний
[2025-09-02T08:42:26.037Z] Завантаження нагадувань з C:\Users\Alezx311\Downloads\reminder-bot\reminders.enc
[2025-09-02T08:42:26.038Z] Розшифровано 1200 символів
[2025-09-02T08:42:26.038Z] Завантажено 6 з 6 нагадувань
[2025-09-02T10:09:45.438Z] Ключ шифрування валідний
[2025-09-02T10:09:45.440Z] Завантаження нагадувань з C:\Users\Alezx311\Downloads\reminder-bot\reminders.enc
[2025-09-02T10:09:45.442Z] Розшифровано 1200 символів
[2025-09-02T10:09:45.443Z] Завантажено 6 з 6 нагадувань
[2025-09-02T10:09:45.521Z] Відновлено повторюване нагадування #42 з cron: 45 9 * * *
[2025-09-02T10:09:45.523Z] Відновлено одноразове нагадування #44 на 04.09.2025, 15:00:00
[2025-09-02T10:09:45.525Z] Відновлено повторюване нагадування #319 з cron: 0 10 25 * *
[2025-09-02T10:09:45.526Z] Відновлено повторюване нагадування #320 з cron: 0 10 4 * *
[2025-09-02T10:09:45.527Z] Відновлено одноразове нагадування #321 на 02.09.2025, 22:00:00
[2025-09-02T10:09:45.528Z] Відновлено одноразове нагадування #322 на 02.09.2025, 22:00:00
[2025-09-02T11:46:51.824Z] Початок збереження 7 нагадувань
[2025-09-02T11:46:51.825Z] Після фільтрації залишилось 7 нагадувань
[2025-09-02T11:46:51.825Z] Дані для збереження (1383 символів)
[2025-09-02T11:46:51.828Z] Створено резервну копію: C:\Users\Alezx311\Downloads\reminder-bot\reminders.enc.backup
[2025-09-02T11:46:51.828Z] Нагадування успішно збережено у C:\Users\Alezx311\Downloads\reminder-bot\reminders.enc (1632 байт)
[2025-09-02T11:46:51.829Z] Створено одноразове нагадування #323 на 2025-09-02T19:00:00.000Z
[2025-09-03T05:38:20.705Z] Ключ шифрування валідний
[2025-09-03T05:38:20.708Z] Завантаження нагадувань з D:\js\reminder-bot\reminders.enc
[2025-09-03T05:38:20.709Z] Розшифровано 1383 символів
[2025-09-03T05:38:20.710Z] Завантажено 7 з 7 нагадувань
[2025-09-03T05:38:20.786Z] Відновлено повторюване нагадування #42 з cron: 45 9 * * *
[2025-09-03T05:38:20.788Z] Відновлено одноразове нагадування #44 на 04.09.2025, 15:00:00
[2025-09-03T05:38:20.790Z] Відновлено повторюване нагадування #319 з cron: 0 10 25 * *
[2025-09-03T05:38:20.790Z] Відновлено повторюване нагадування #320 з cron: 0 10 4 * *
[2025-09-03T05:38:20.791Z] Нагадування #321 вже прострочене, пропускаємо
[2025-09-03T05:38:20.791Z] Нагадування #322 вже прострочене, пропускаємо
[2025-09-03T05:38:20.791Z] Нагадування #323 вже прострочене, пропускаємо
[2025-09-03T05:38:20.792Z] Початок збереження 4 нагадувань
[2025-09-03T05:38:20.792Z] Після фільтрації залишилось 4 нагадувань
[2025-09-03T05:38:20.792Z] Дані для збереження (790 символів)
[2025-09-03T05:38:20.794Z] Створено резервну копію: D:\js\reminder-bot\reminders.enc.backup
[2025-09-03T05:38:20.795Z] Нагадування успішно збережено у D:\js\reminder-bot\reminders.enc (944 байт)
[2025-09-03T05:38:20.795Z] Очищено 0 прострочених нагадувань
[2025-09-04T06:05:45.365Z] Ключ шифрування валідний
[2025-09-04T06:05:45.369Z] Завантаження нагадувань з D:\js\reminder-bot\reminders.enc
[2025-09-04T06:05:45.372Z] Розшифровано 790 символів
[2025-09-04T06:05:45.373Z] Завантажено 4 з 4 нагадувань
[2025-09-04T06:05:45.462Z] Відновлено повторюване нагадування #42 з cron: 45 9 * * *
[2025-09-04T06:05:45.464Z] Відновлено одноразове нагадування #44 на 04.09.2025, 15:00:00
[2025-09-04T06:05:45.466Z] Відновлено повторюване нагадування #319 з cron: 0 10 25 * *
[2025-09-04T06:05:45.467Z] Відновлено повторюване нагадування #320 з cron: 0 10 4 * *
[2025-09-05T05:32:08.061Z] Ключ шифрування валідний
[2025-09-05T05:32:08.064Z] Завантаження нагадувань з D:\js\reminder-bot\reminders.enc
[2025-09-05T05:32:08.066Z] Розшифровано 790 символів
[2025-09-05T05:32:08.067Z] Завантажено 4 з 4 нагадувань
[2025-09-05T05:32:08.151Z] Відновлено повторюване нагадування #42 з cron: 45 9 * * *
[2025-09-05T05:32:08.151Z] Нагадування #44 вже прострочене, пропускаємо
[2025-09-05T05:32:08.153Z] Відновлено повторюване нагадування #319 з cron: 0 10 25 * *
[2025-09-05T05:32:08.154Z] Відновлено повторюване нагадування #320 з cron: 0 10 4 * *
[2025-09-05T05:32:08.155Z] Початок збереження 3 нагадувань
[2025-09-05T05:32:08.155Z] Після фільтрації залишилось 3 нагадувань
[2025-09-05T05:32:08.156Z] Дані для збереження (592 символів)
[2025-09-05T05:32:08.157Z] Створено резервну копію: D:\js\reminder-bot\reminders.enc.backup
[2025-09-05T05:32:08.158Z] Нагадування успішно збережено у D:\js\reminder-bot\reminders.enc (720 байт)
[2025-09-05T05:32:08.158Z] Очищено 0 прострочених нагадувань
[2025-09-09T06:02:33.849Z] Ключ шифрування валідний
[2025-09-09T06:02:33.854Z] Завантаження нагадувань з D:\js\reminder-bot\reminders.enc
[2025-09-09T06:02:33.856Z] Розшифровано 592 символів
[2025-09-09T06:02:33.856Z] Завантажено 3 з 3 нагадувань
[2025-09-09T06:02:33.883Z] Відновлено повторюване нагадування #42 з cron: 45 9 * * *
[2025-09-09T06:02:33.885Z] Відновлено повторюване нагадування #319 з cron: 0 10 25 * *
[2025-09-09T06:02:33.887Z] Відновлено повторюване нагадування #320 з cron: 0 10 4 * *
[2025-09-09T08:23:25.250Z] Отримано SIGINT. Зупинка бота...
[2025-09-09T08:23:25.290Z] Бот запущено успішно!
[2025-09-09T08:23:37.031Z] Ключ шифрування валідний
[2025-09-09T08:23:37.033Z] Завантаження нагадувань з D:\js\reminder-bot\reminders.enc
[2025-09-09T08:23:37.034Z] Розшифровано 592 символів
[2025-09-09T08:23:37.034Z] Завантажено 3 з 3 нагадувань
[2025-09-09T08:25:11.775Z] Ключ шифрування валідний
[2025-09-09T08:25:11.777Z] Початок збереження 4 нагадувань
[2025-09-09T08:25:11.777Z] Після фільтрації залишилось 4 нагадувань
[2025-09-09T08:25:11.777Z] Дані для збереження (780 символів)
[2025-09-09T08:25:11.779Z] Створено резервну копію: D:\js\reminder-bot\reminders.enc.backup
[2025-09-09T08:25:11.780Z] Нагадування успішно збережено у D:\js\reminder-bot\reminders.enc (928 байт)
[2025-09-09T08:25:16.543Z] Ключ шифрування валідний
[2025-09-09T08:25:16.545Z] Завантаження нагадувань з D:\js\reminder-bot\reminders.enc
[2025-09-09T08:25:16.546Z] Розшифровано 780 символів
[2025-09-09T08:25:16.546Z] Завантажено 4 з 4 нагадувань
[2025-09-09T08:25:16.572Z] Відновлено повторюване нагадування #42 з cron: 45 9 * * *
[2025-09-09T08:25:16.574Z] Відновлено повторюване нагадування #319 з cron: 0 10 25 * *
[2025-09-09T08:25:16.575Z] Відновлено повторюване нагадування #320 з cron: 0 10 4 * *
[2025-09-09T08:25:16.577Z] Відновлено повторюване нагадування #321 з cron: 0 9-18 * * *
[2025-09-09T08:44:11.946Z] Отримано SIGINT. Зупинка бота...
[2025-09-09T08:44:12.058Z] Бот запущено успішно!
[2025-09-09T08:44:21.594Z] Ключ шифрування валідний
[2025-09-09T08:44:21.596Z] Завантаження нагадувань з D:\js\reminder-bot\reminders.enc
[2025-09-09T08:44:21.597Z] Розшифровано 780 символів
[2025-09-09T08:44:21.598Z] Завантажено 4 з 4 нагадувань
[2025-09-09T08:44:21.624Z] Відновлено повторюване нагадування #42 з cron: 45 9 * * *
[2025-09-09T08:44:21.626Z] Відновлено повторюване нагадування #319 з cron: 0 10 25 * *
[2025-09-09T08:44:21.628Z] Відновлено повторюване нагадування #320 з cron: 0 10 4 * *
[2025-09-09T08:44:21.629Z] Відновлено повторюване нагадування #321 з cron: 0 9-18 * * *
[2025-09-09T08:45:53.477Z] Початок збереження 5 нагадувань
[2025-09-09T08:45:53.478Z] Після фільтрації залишилось 5 нагадувань
[2025-09-09T08:45:53.479Z] Дані для збереження (953 символів)
[2025-09-09T08:45:53.481Z] Створено резервну копію: D:\js\reminder-bot\reminders.enc.backup
[2025-09-09T08:45:53.481Z] Нагадування успішно збережено у D:\js\reminder-bot\reminders.enc (1136 байт)
[2025-09-09T08:45:53.482Z] Створено повторюване нагадування #322 з cron: 55 9-18 * * *
[2025-09-09T08:51:30.826Z] Отримано SIGINT. Зупинка бота...
[2025-09-09T08:51:30.863Z] Бот запущено успішно!
[2025-09-09T08:52:19.697Z] Ключ шифрування валідний
[2025-09-09T08:52:19.699Z] Завантаження нагадувань з D:\js\reminder-bot\reminders.enc
[2025-09-09T08:52:19.700Z] Розшифровано 953 символів
[2025-09-09T08:52:19.701Z] Завантажено 5 з 5 нагадувань
[2025-09-09T08:52:19.730Z] Відновлено повторюване нагадування #42 з cron: 45 9 * * *
[2025-09-09T08:52:19.731Z] Відновлено повторюване нагадування #319 з cron: 0 10 25 * *
[2025-09-09T08:52:19.733Z] Відновлено повторюване нагадування #320 з cron: 0 10 4 * *
[2025-09-09T08:52:19.734Z] Відновлено повторюване нагадування #321 з cron: 0 9-18 * * *
[2025-09-09T08:52:19.734Z] Відновлено повторюване нагадування #322 з cron: 55 9-18 * * *
[2025-09-09T08:56:57.830Z] Початок збереження 6 нагадувань
[2025-09-09T08:57:09.618Z] Після фільтрації залишилось 6 нагадувань
[2025-09-09T08:57:09.618Z] Дані для збереження (1135 символів)
[2025-09-09T08:57:09.620Z] Створено резервну копію: D:\js\reminder-bot\reminders.enc.backup
[2025-09-09T08:57:09.620Z] Нагадування успішно збережено у D:\js\reminder-bot\reminders.enc (1328 байт)
[2025-09-09T08:57:09.623Z] Створено одноразове нагадування #323 на 2025-09-09T13:45:00.000Z
[2025-09-09T08:57:09.624Z] Отримано SIGINT. Зупинка бота...
[2025-09-09T08:57:13.741Z] Ключ шифрування валідний
[2025-09-09T08:57:13.743Z] Завантаження нагадувань з D:\js\reminder-bot\reminders.enc
[2025-09-09T08:57:13.744Z] Розшифровано 1135 символів
[2025-09-09T08:57:13.744Z] Завантажено 6 з 6 нагадувань
[2025-09-09T08:57:13.771Z] Відновлено повторюване нагадування #42 з cron: 45 9 * * *
[2025-09-09T08:57:13.773Z] Відновлено повторюване нагадування #319 з cron: 0 10 25 * *
[2025-09-09T08:57:13.774Z] Відновлено повторюване нагадування #320 з cron: 0 10 4 * *
[2025-09-09T08:57:13.775Z] Відновлено повторюване нагадування #321 з cron: 0 9-18 * * *
[2025-09-09T08:57:13.777Z] Відновлено повторюване нагадування #322 з cron: 55 9-18 * * *
[2025-09-09T08:57:13.778Z] Відновлено одноразове нагадування #323 на 09.09.2025, 16:45:00
[2025-09-09T08:57:39.552Z] Створено cron для щотижневого нагадування: 45 16 * * *
[2025-09-09T08:57:39.556Z] Початок збереження 7 нагадувань
[2025-09-09T08:57:39.556Z] Після фільтрації залишилось 7 нагадувань
[2025-09-09T08:57:39.557Z] Дані для збереження (1306 символів)
[2025-09-09T08:57:39.559Z] Створено резервну копію: D:\js\reminder-bot\reminders.enc.backup
[2025-09-09T08:57:39.560Z] Нагадування успішно збережено у D:\js\reminder-bot\reminders.enc (1520 байт)
[2025-09-09T08:57:39.560Z] Створено повторюване нагадування #324 з cron: 45 16 * * * (щодня о 16:45)
[2025-09-09T08:58:35.912Z] Початок збереження 8 нагадувань
[2025-09-09T08:58:35.913Z] Після фільтрації залишилось 8 нагадувань
[2025-09-09T08:58:35.913Z] Дані для збереження (1475 символів)
[2025-09-09T08:58:35.915Z] Створено резервну копію: D:\js\reminder-bot\reminders.enc.backup
[2025-09-09T08:58:35.915Z] Нагадування успішно збережено у D:\js\reminder-bot\reminders.enc (1728 байт)
[2025-09-09T08:58:35.915Z] Створено повторюване нагадування #325 з cron: 45 16 * * 1-5
[2025-09-09T09:02:30.456Z] Отримано SIGINT. Зупинка бота...
[2025-09-09T09:02:30.497Z] Бот запущено успішно!
[2025-09-09T09:02:52.023Z] Ключ шифрування валідний
[2025-09-09T09:02:52.025Z] Завантаження нагадувань з D:\js\reminder-bot\reminders.enc
[2025-09-09T09:02:52.026Z] Розшифровано 1475 символів
[2025-09-09T09:02:52.026Z] Завантажено 8 з 8 нагадувань
[2025-09-09T09:02:52.051Z] Відновлено повторюване нагадування #42 з cron: 45 9 * * *
[2025-09-09T09:02:52.053Z] Відновлено повторюване нагадування #319 з cron: 0 10 25 * *
[2025-09-09T09:02:52.055Z] Відновлено повторюване нагадування #320 з cron: 0 10 4 * *
[2025-09-09T09:02:52.057Z] Відновлено повторюване нагадування #321 з cron: 0 9-18 * * *
[2025-09-09T09:02:52.059Z] Відновлено повторюване нагадування #322 з cron: 55 9-18 * * *
[2025-09-09T09:02:52.060Z] Відновлено одноразове нагадування #323 на 09.09.2025, 16:45:00
[2025-09-09T09:02:52.062Z] Відновлено повторюване нагадування #324 з cron: 45 16 * * *
[2025-09-09T09:02:52.064Z] Відновлено повторюване нагадування #325 з cron: 45 16 * * 1-5
[2025-09-09T09:05:32.223Z] Початок збереження 7 нагадувань
[2025-09-09T09:05:32.224Z] Після фільтрації залишилось 7 нагадувань
[2025-09-09T09:05:32.224Z] Дані для збереження (1302 символів)
[2025-09-09T09:05:32.226Z] Створено резервну копію: D:\js\reminder-bot\reminders.enc.backup
[2025-09-09T09:05:32.227Z] Нагадування успішно збережено у D:\js\reminder-bot\reminders.enc (1520 байт)
[2025-09-09T09:05:32.228Z] Callback: Видалено нагадування #322
[2025-09-09T09:05:33.282Z] Початок збереження 6 нагадувань
[2025-09-09T09:05:33.282Z] Після фільтрації залишилось 6 нагадувань
[2025-09-09T09:05:33.283Z] Дані для збереження (1120 символів)
[2025-09-09T09:05:33.284Z] Створено резервну копію: D:\js\reminder-bot\reminders.enc.backup
[2025-09-09T09:05:33.285Z] Нагадування успішно збережено у D:\js\reminder-bot\reminders.enc (1312 байт)
[2025-09-09T09:05:33.285Z] Callback: Видалено нагадування #323
[2025-09-09T09:05:34.140Z] Початок збереження 5 нагадувань
[2025-09-09T09:05:34.141Z] Після фільтрації залишилось 5 нагадувань
[2025-09-09T09:05:34.141Z] Дані для збереження (949 символів)
[2025-09-09T09:05:34.143Z] Створено резервну копію: D:\js\reminder-bot\reminders.enc.backup
[2025-09-09T09:05:34.143Z] Нагадування успішно збережено у D:\js\reminder-bot\reminders.enc (1120 байт)
[2025-09-09T09:05:34.144Z] Callback: Видалено нагадування #324
[2025-09-09T09:05:35.409Z] Початок збереження 4 нагадувань
[2025-09-09T09:05:35.410Z] Після фільтрації залишилось 4 нагадувань
[2025-09-09T09:05:35.410Z] Дані для збереження (780 символів)
[2025-09-09T09:05:35.411Z] Створено резервну копію: D:\js\reminder-bot\reminders.enc.backup
[2025-09-09T09:05:35.412Z] Нагадування успішно збережено у D:\js\reminder-bot\reminders.enc (928 байт)
[2025-09-09T09:05:35.412Z] Callback: Видалено нагадування #325
[2025-09-09T09:52:07.191Z] Отримано SIGINT. Зупинка бота...
[2025-09-09T09:52:07.299Z] Бот запущено успішно!
[2025-09-09T09:52:20.664Z] Ключ шифрування валідний
[2025-09-09T09:52:20.666Z] Завантаження нагадувань з D:\js\reminder-bot\reminders.enc
[2025-09-09T09:52:20.667Z] Розшифровано 780 символів
[2025-09-09T09:52:20.667Z] Завантажено 4 з 4 нагадувань
[2025-09-09T09:52:20.693Z] Відновлено повторюване нагадування #42 з cron: 45 9 * * *
[2025-09-09T09:52:20.694Z] Відновлено повторюване нагадування #319 з cron: 0 10 25 * *
[2025-09-09T09:52:20.696Z] Відновлено повторюване нагадування #320 з cron: 0 10 4 * *
[2025-09-09T09:52:20.697Z] Відновлено повторюване нагадування #321 з cron: 0 9-18 * * *
[2025-09-09T09:52:26.311Z] Отримано SIGINT. Зупинка бота...
[2025-09-09T09:52:26.415Z] Бот запущено успішно!
